{"timestamp": "2019-08-31 14:39:02", "event": "log_start", "unixTime": 1567276742}
{"timestamp": "2019-08-31 14:39:02", "event": "player_status", "player": {"name": "Fly ^v^", "userId": 2, "uniqueId": "STEAM_1:1:192015750", "team": 2}, "address": "179.97.35.19", "country": "BR"}
{"timestamp": "2019-08-31 14:39:02", "event": "item_pickup", "round": 1, "player": {"name": "Fly ^v^", "userId": 2, "uniqueId": "STEAM_1:1:192015750", "team": 2, "origin": {"x": 1216.00, "y": -16.00, "z": -99.86}, "velocity": {"x": 0.00, "y": 0.00, "z": 0.00}, "view": {"x": 0.00, "y": 90.00, "z": 0.00}, "health": 100, "armor": 0, "helmet": 0}, "item": "glock"}
{"timestamp": "2019-08-31 14:39:02", "event": "item_pickup", "round": 1, "player": {"name": "Fly ^v^", "userId": 2, "uniqueId": "STEAM_1:1:192015750", "team": 2, "origin": {"x": 1216.00, "y": -16.00, "z": -99.86}, "velocity": {"x": 0.00, "y": 0.00, "z": 0.00}, "view": {"x": 0.00, "y": 90.00, "z": 0.00}, "health": 100, "armor": 0, "helmet": 0}, "item": "c4"}
{"timestamp": "2019-08-31 14:39:02", "event": "bomb_pickup", "round": 1, "player": {"name": "Fly ^v^", "userId": 2, "uniqueId": "STEAM_1:1:192015750", "team": 2, "origin": {"x": 1216.00, "y": -16.00, "z": -99.86}, "velocity": {"x": 0.00, "y": 0.00, "z": 0.00}, "view": {"x": 0.00, "y": 90.00, "z": 0.00}, "health": 100, "armor": 0, "helmet": 0}}
{"timestamp": "2019-08-31 14:39:02", "event": "round_start", "freezeTime": 0}
{"timestamp": "2019-08-31 14:39:02", "event": "round_money", "round": 1, "player": {"name": "Fly ^v^", "userId": 2, "uniqueId": "STEAM_1:1:192015750", "team": 2, "origin": {"x": 1216.00, "y": -16.00, "z": -99.86}, "velocity": {"x": 0.00, "y": 0.00, "z": 0.00}, "view": {"x": 0.00, "y": 90.00, "z": 0.00}, "health": 100, "armor": 0, "helmet": 0}, "kills": 0, "assists": 0, "deaths": 0, "score": 0, "money": 16000}
{"timestamp": "2019-08-31 14:39:02", "event": "round_freeze_end"}
{"timestamp": "2019-08-31 14:39:03", "event": "live_on_3", "map": "de_mirage", "teams": [{"name": "", "team": 2}, {"name": "", "team": 3}], "status": 5, "settings": {"max_rounds": 30, "overtime_enabled": 0, "overtime_max_rounds": 6}, "server": {"name": "VÍCIOS GAMING [!knife] [!ws] [!glove] @ HOSTZONE.COM.BR", "ip": "177.54.157.164", "port": 27093}, "competition": "WarMod BFG", "event_name": "Scrim", "version": "18.05.24.0924"}
{"timestamp": "2019-08-31 14:39:03", "event": "round_restart", "delay": 1}
{"timestamp": "2019-08-31 14:39:05", "event": "item_pickup", "round": 1, "player": {"name": "Fly ^v^", "userId": 2, "uniqueId": "STEAM_1:1:192015750", "team": 2, "origin": {"x": 1216.00, "y": -307.00, "z": -101.24}, "velocity": {"x": 0.00, "y": 0.00, "z": 0.00}, "view": {"x": 0.00, "y": 270.00, "z": 0.00}, "health": 100, "armor": 0, "helmet": 0}, "item": "glock"}
{"timestamp": "2019-08-31 14:39:05", "event": "item_pickup", "round": 1, "player": {"name": "Fly ^v^", "userId": 2, "uniqueId": "STEAM_1:1:192015750", "team": 2, "origin": {"x": 1216.00, "y": -307.00, "z": -101.24}, "velocity": {"x": 0.00, "y": 0.00, "z": 0.00}, "view": {"x": 0.00, "y": 270.00, "z": 0.00}, "health": 100, "armor": 0, "helmet": 0}, "item": "c4"}
{"timestamp": "2019-08-31 14:39:05", "event": "bomb_pickup", "round": 1, "player": {"name": "Fly ^v^", "userId": 2, "uniqueId": "STEAM_1:1:192015750", "team": 2, "origin": {"x": 1216.00, "y": -307.00, "z": -101.24}, "velocity": {"x": 0.00, "y": 0.00, "z": 0.00}, "view": {"x": 0.00, "y": 270.00, "z": 0.00}, "health": 100, "armor": 0, "helmet": 0}}
{"timestamp": "2019-08-31 14:39:05", "event": "round_start", "freezeTime": 12}
{"timestamp": "2019-08-31 14:39:05", "event": "round_money", "round": 1, "player": {"name": "Fly ^v^", "userId": 2, "uniqueId": "STEAM_1:1:192015750", "team": 2, "origin": {"x": 1216.00, "y": -307.00, "z": -101.24}, "velocity": {"x": 0.00, "y": 0.00, "z": 0.00}, "view": {"x": 0.00, "y": 270.00, "z": 0.00}, "health": 100, "armor": 0, "helmet": 0}, "kills": 0, "assists": 0, "deaths": 0, "score": 0, "money": 800}
{"timestamp": "2019-08-31 14:39:05", "event": "round_restart", "delay": 1}
{"timestamp": "2019-08-31 14:39:06", "event": "item_pickup", "round": 1, "player": {"name": "Fly ^v^", "userId": 2, "uniqueId": "STEAM_1:1:192015750", "team": 2, "origin": {"x": 1136.00, "y": 32.00, "z": -103.86}, "velocity": {"x": 0.00, "y": 0.00, "z": 0.00}, "view": {"x": 0.00, "y": 90.00, "z": 0.00}, "health": 100, "armor": 0, "helmet": 0}, "item": "glock"}
{"timestamp": "2019-08-31 14:39:06", "event": "item_pickup", "round": 1, "player": {"name": "Fly ^v^", "userId": 2, "uniqueId": "STEAM_1:1:192015750", "team": 2, "origin": {"x": 1136.00, "y": 32.00, "z": -103.86}, "velocity": {"x": 0.00, "y": 0.00, "z": 0.00}, "view": {"x": 0.00, "y": 90.00, "z": 0.00}, "health": 100, "armor": 0, "helmet": 0}, "item": "c4"}
{"timestamp": "2019-08-31 14:39:06", "event": "bomb_pickup", "round": 1, "player": {"name": "Fly ^v^", "userId": 2, "uniqueId": "STEAM_1:1:192015750", "team": 2, "origin": {"x": 1136.00, "y": 32.00, "z": -103.86}, "velocity": {"x": 0.00, "y": 0.00, "z": 0.00}, "view": {"x": 0.00, "y": 90.00, "z": 0.00}, "health": 100, "armor": 0, "helmet": 0}}
{"timestamp": "2019-08-31 14:39:06", "event": "round_start", "freezeTime": 12}
{"timestamp": "2019-08-31 14:39:06", "event": "round_money", "round": 1, "player": {"name": "Fly ^v^", "userId": 2, "uniqueId": "STEAM_1:1:192015750", "team": 2, "origin": {"x": 1136.00, "y": 32.00, "z": -103.86}, "velocity": {"x": 0.00, "y": 0.00, "z": 0.00}, "view": {"x": 0.00, "y": 90.00, "z": 0.00}, "health": 100, "armor": 0, "helmet": 0}, "kills": 0, "assists": 0, "deaths": 0, "score": 0, "money": 800}
{"timestamp": "2019-08-31 14:39:06", "event": "round_restart", "delay": 3}
{"timestamp": "2019-08-31 14:39:09", "event": "item_pickup", "round": 1, "player": {"name": "Fly ^v^", "userId": 2, "uniqueId": "STEAM_1:1:192015750", "team": 2, "origin": {"x": 1216.00, "y": -16.00, "z": -99.86}, "velocity": {"x": 0.00, "y": 0.00, "z": 0.00}, "view": {"x": 0.00, "y": 90.00, "z": 0.00}, "health": 100, "armor": 0, "helmet": 0}, "item": "glock"}
{"timestamp": "2019-08-31 14:39:09", "event": "item_pickup", "round": 1, "player": {"name": "Fly ^v^", "userId": 2, "uniqueId": "STEAM_1:1:192015750", "team": 2, "origin": {"x": 1216.00, "y": -16.00, "z": -99.86}, "velocity": {"x": 0.00, "y": 0.00, "z": 0.00}, "view": {"x": 0.00, "y": 90.00, "z": 0.00}, "health": 100, "armor": 0, "helmet": 0}, "item": "c4"}
{"timestamp": "2019-08-31 14:39:09", "event": "bomb_pickup", "round": 1, "player": {"name": "Fly ^v^", "userId": 2, "uniqueId": "STEAM_1:1:192015750", "team": 2, "origin": {"x": 1216.00, "y": -16.00, "z": -99.86}, "velocity": {"x": 0.00, "y": 0.00, "z": 0.00}, "view": {"x": 0.00, "y": 90.00, "z": 0.00}, "health": 100, "armor": 0, "helmet": 0}}
{"timestamp": "2019-08-31 14:39:09", "event": "round_start", "freezeTime": 12}
{"timestamp": "2019-08-31 14:39:09", "event": "round_money", "round": 1, "player": {"name": "Fly ^v^", "userId": 2, "uniqueId": "STEAM_1:1:192015750", "team": 2, "origin": {"x": 1216.00, "y": -16.00, "z": -99.86}, "velocity": {"x": 0.00, "y": 0.00, "z": 0.00}, "view": {"x": 0.00, "y": 90.00, "z": 0.00}, "health": 100, "armor": 0, "helmet": 0}, "kills": 0, "assists": 0, "deaths": 0, "score": 0, "money": 800}
{"timestamp": "2019-08-31 14:39:20", "event": "item_pickup", "round": 1, "player": {"name": "Fly ^v^", "userId": 2, "uniqueId": "STEAM_1:1:192015750", "team": 2, "origin": {"x": 1216.00, "y": -16.00, "z": -99.96}, "velocity": {"x": 0.00, "y": 0.00, "z": 0.00}, "view": {"x": -9.89, "y": -95.81, "z": 0.00}, "health": 100, "armor": 0, "helmet": 0}, "item": "molotov"}
{"timestamp": "2019-08-31 14:39:21", "event": "item_pickup", "round": 1, "player": {"name": "Fly ^v^", "userId": 2, "uniqueId": "STEAM_1:1:192015750", "team": 2, "origin": {"x": 1216.00, "y": -16.00, "z": -99.96}, "velocity": {"x": 0.00, "y": 0.00, "z": 0.00}, "view": {"x": -9.89, "y": -95.81, "z": 0.00}, "health": 100, "armor": 0, "helmet": 0}, "item": "smokegrenade"}
{"timestamp": "2019-08-31 14:39:21", "event": "round_freeze_end"}
{"timestamp": "2019-08-31 14:39:46", "event": "grenade_detonate", "round": 1, "player": {"name": "Fly ^v^", "userId": 2, "uniqueId": "STEAM_1:1:192015750", "team": 2, "origin": {"x": -636.50, "y": -2055.38, "z": 10.03}, "velocity": {"x": 0.00, "y": 0.00, "z": 0.00}, "view": {"x": 7.75, "y": 87.68, "z": 0.00}, "health": 100, "armor": 0, "helmet": 0}, "grenade": "molotov"}
{"timestamp": "2019-08-31 14:39:56", "event": "grenade_detonate", "round": 1, "player": {"name": "Fly ^v^", "userId": 2, "uniqueId": "STEAM_1:1:192015750", "team": 2, "origin": {"x": -580.59, "y": -2158.01, "z": -133.96}, "velocity": {"x": 0.00, "y": 0.00, "z": 0.00}, "view": {"x": 0.93, "y": 133.17, "z": 0.00}, "health": 100, "armor": 0, "helmet": 0}, "grenade": "smokegrenade"}
{"timestamp": "2019-08-31 14:39:57", "event": "bomb_plant_begin", "round": 1, "player": {"name": "Fly ^v^", "userId": 2, "uniqueId": "STEAM_1:1:192015750", "team": 2, "origin": {"x": -580.59, "y": -2158.01, "z": -115.96}, "velocity": {"x": 0.00, "y": 0.00, "z": 0.00}, "view": {"x": 5.17, "y": 131.08, "z": 0.00}, "health": 100, "armor": 0, "helmet": 0}, "site": 425}
{"timestamp": "2019-08-31 14:40:00", "event": "bomb_planted", "round": 1, "player": {"name": "Fly ^v^", "userId": 2, "uniqueId": "STEAM_1:1:192015750", "team": 2, "origin": {"x": -580.59, "y": -2158.01, "z": -133.96}, "velocity": {"x": 0.00, "y": 0.00, "z": 0.00}, "view": {"x": 5.66, "y": 131.24, "z": 0.00}, "health": 100, "armor": 0, "helmet": 0}, "site": 425}
{"timestamp": "2019-08-31 14:40:42", "event": "round_end", "round": 1, "winner": 2, "reason": 1}
{"timestamp": "2019-08-31 14:40:42", "event": "score_update", "map": "de_mirage", "round": 1, "teams": [{"name": "Terrorists", "team": 2, "score": 1}, {"name": "Counter-Terrorists", "team": 3, "score": 0}], "settings": {"max_rounds": 30, "overtime_enabled": 0, "overtime_max_rounds": 6}, "server": {"name": "VÍCIOS GAMING [!knife] [!ws] [!glove] @ HOSTZONE.COM.BR", "ip": "177.54.157.164", "port": 27093}}
{"timestamp": "2019-08-31 14:40:46", "event": "round_stats", "round": 2, "player": {"name": "Fly ^v^", "userId": 2, "uniqueId": "STEAM_1:1:192015750", "team": 2}, "shots": 0, "hits": 0, "kills": 0, "headshots": 0, "tks": 0, "damage": 0, "assists": 0, "assists_tk": 0, "deaths": 0, "head": 0, "chest": 0, "stomach": 0, "leftArm": 0, "rightArm": 0, "leftLeg": 0, "rightLeg": 0, "generic": 0}
{"timestamp": "2019-08-31 14:40:47", "event": "item_pickup", "round": 2, "player": {"name": "Fly ^v^", "userId": 2, "uniqueId": "STEAM_1:1:192015750", "team": 2, "origin": {"x": 1296.00, "y": -64.00, "z": -103.86}, "velocity": {"x": 0.00, "y": 0.00, "z": 0.00}, "view": {"x": 0.00, "y": 141.00, "z": 0.00}, "health": 100, "armor": 0, "helmet": 0}, "item": "c4"}
{"timestamp": "2019-08-31 14:40:47", "event": "bomb_pickup", "round": 2, "player": {"name": "Fly ^v^", "userId": 2, "uniqueId": "STEAM_1:1:192015750", "team": 2, "origin": {"x": 1296.00, "y": -64.00, "z": -103.86}, "velocity": {"x": 0.00, "y": 0.00, "z": 0.00}, "view": {"x": 0.00, "y": 141.00, "z": 0.00}, "health": 100, "armor": 0, "helmet": 0}}
{"timestamp": "2019-08-31 14:40:47", "event": "round_start", "freezeTime": 12}
{"timestamp": "2019-08-31 14:40:47", "event": "round_money", "round": 2, "player": {"name": "Fly ^v^", "userId": 2, "uniqueId": "STEAM_1:1:192015750", "team": 2, "origin": {"x": 1296.00, "y": -64.00, "z": -103.86}, "velocity": {"x": 0.00, "y": 0.00, "z": 0.00}, "view": {"x": 0.00, "y": 141.00, "z": 0.00}, "health": 100, "armor": 0, "helmet": 0}, "kills": 0, "assists": 0, "deaths": 0, "score": 4, "money": 3900}
{"timestamp": "2019-08-31 14:40:59", "event": "round_freeze_end"}
{"timestamp": "2019-08-31 14:41:29", "event": "bomb_dropped", "round": 2, "player": {"name": "Fly ^v^", "userId": 2, "uniqueId": "STEAM_1:1:192015750", "team": 2, "origin": {"x": 1296.00, "y": -64.00, "z": -103.96}, "velocity": {"x": 0.00, "y": 0.00, "z": 0.00}, "view": {"x": 0.00, "y": 141.00, "z": 0.00}, "health": 100, "armor": 0, "helmet": 0}}
{"timestamp": "2019-08-31 14:41:54", "event": "player_disconnect", "round": 2, "player": {"name": "Fly ^v^", "userId": 2, "uniqueId": "STEAM_1:1:192015750", "team": 2}, "reason": "Fly ^v^ timed out"}
{"timestamp": "2019-08-31 14:41:54", "event": "round_stats", "round": 2, "player": {"name": "Fly ^v^", "userId": 2, "uniqueId": "STEAM_1:1:192015750", "team": 2}, "shots": 0, "hits": 0, "kills": 0, "headshots": 0, "tks": 0, "damage": 0, "assists": 0, "assists_tk": 0, "deaths": 0, "head": 0, "chest": 0, "stomach": 0, "leftArm": 0, "rightArm": 0, "leftLeg": 0, "rightLeg": 0, "generic": 0}
{"timestamp": "2019-08-31 14:41:54", "event": "player_suicide", "round": 2, "player": {"name": "Fly ^v^", "userId": 2, "uniqueId": "STEAM_1:1:192015750", "team": 2, "origin": {"x": 1296.00, "y": -64.00, "z": -103.96}, "velocity": {"x": 0.00, "y": 0.00, "z": 0.00}, "view": {"x": 0.00, "y": 141.00, "z": 0.00}, "health": 0, "armor": 0, "helmet": 0}, "assister": {}, "weapon": "world"}
{"timestamp": "2019-08-31 14:41:54", "event": "round_end", "round": 2, "winner": 1, "reason": 10}
{"timestamp": "2019-08-31 14:41:54", "event": "player_team", "round": 2, "player": {"name": "Fly ^v^", "userId": 2, "uniqueId": "STEAM_1:1:192015750", "team": 2}, "oldTeam": 2, "newTeam": 0}
{"timestamp": "2019-08-31 14:41:58", "event": "player_connect", "player": {"name": "Fly ^v^", "userId": 3, "uniqueId": "STEAM_1:1:192015750", "team": 0}, "address": "179.97.35.19", "country": "BR"}
{"timestamp": "2019-08-31 14:41:59", "event": "round_start", "freezeTime": 12}
{"timestamp": "2019-08-31 14:42:04", "event": "player_team", "round": 2, "player": {"name": "Fly ^v^", "userId": 3, "uniqueId": "STEAM_1:1:192015750", "team": 0}, "oldTeam": 0, "newTeam": 2}
{"timestamp": "2019-08-31 14:42:04", "event": "item_pickup", "round": 2, "player": {"name": "Fly ^v^", "userId": 3, "uniqueId": "STEAM_1:1:192015750", "team": 2, "origin": {"x": 1136.00, "y": -160.00, "z": -103.86}, "velocity": {"x": 0.00, "y": 0.00, "z": 0.00}, "view": {"x": 0.00, "y": 270.00, "z": 0.00}, "health": 100, "armor": 0, "helmet": 0}, "item": "glock"}
{"timestamp": "2019-08-31 14:42:04", "event": "round_end", "round": 2, "winner": 1, "reason": 16}
{"timestamp": "2019-08-31 14:42:04", "event": "item_pickup", "round": 2, "player": {"name": "Fly ^v^", "userId": 3, "uniqueId": "STEAM_1:1:192015750", "team": 2, "origin": {"x": 1296.00, "y": -64.00, "z": -103.86}, "velocity": {"x": 0.00, "y": 0.00, "z": 0.00}, "view": {"x": 0.00, "y": 141.00, "z": 0.00}, "health": 100, "armor": 0, "helmet": 0}, "item": "glock"}
{"timestamp": "2019-08-31 14:42:04", "event": "item_pickup", "round": 2, "player": {"name": "Fly ^v^", "userId": 3, "uniqueId": "STEAM_1:1:192015750", "team": 2, "origin": {"x": 1296.00, "y": -64.00, "z": -103.86}, "velocity": {"x": 0.00, "y": 0.00, "z": 0.00}, "view": {"x": 0.00, "y": 141.00, "z": 0.00}, "health": 100, "armor": 0, "helmet": 0}, "item": "c4"}
{"timestamp": "2019-08-31 14:42:04", "event": "bomb_pickup", "round": 2, "player": {"name": "Fly ^v^", "userId": 3, "uniqueId": "STEAM_1:1:192015750", "team": 2, "origin": {"x": 1296.00, "y": -64.00, "z": -103.86}, "velocity": {"x": 0.00, "y": 0.00, "z": 0.00}, "view": {"x": 0.00, "y": 141.00, "z": 0.00}, "health": 100, "armor": 0, "helmet": 0}}
{"timestamp": "2019-08-31 14:42:04", "event": "round_start", "freezeTime": 12}
{"timestamp": "2019-08-31 14:42:04", "event": "round_money", "round": 2, "player": {"name": "Fly ^v^", "userId": 3, "uniqueId": "STEAM_1:1:192015750", "team": 2, "origin": {"x": 1296.00, "y": -64.00, "z": -103.86}, "velocity": {"x": 0.00, "y": 0.00, "z": 0.00}, "view": {"x": 0.00, "y": 141.00, "z": 0.00}, "health": 100, "armor": 0, "helmet": 0}, "kills": 0, "assists": 0, "deaths": 0, "score": 0, "money": 800}
{"timestamp": "2019-08-31 14:42:08", "event": "round_stats", "round": 2, "player": {"name": "Fly ^v^", "userId": 3, "uniqueId": "STEAM_1:1:192015750", "team": 2}, "shots": 0, "hits": 0, "kills": 0, "headshots": 0, "tks": 0, "damage": 0, "assists": 0, "assists_tk": 0, "deaths": 0, "head": 0, "chest": 0, "stomach": 0, "leftArm": 0, "rightArm": 0, "leftLeg": 0, "rightLeg": 0, "generic": 0}
{"timestamp": "2019-08-31 14:42:12", "event": "player_say", "round": 2, "player": {"name": "Fly ^v^", "userId": 3, "uniqueId": "STEAM_1:1:192015750", "team": 2}, "message": "!top", "teamOnly": 0}
{"timestamp": "2019-08-31 14:42:16", "event": "round_freeze_end"}
{"timestamp": "2019-08-31 14:42:29", "event": "item_pickup", "round": 2, "player": {"name": "Fly ^v^", "userId": 3, "uniqueId": "STEAM_1:1:192015750", "team": 2, "origin": {"x": 1296.00, "y": -64.00, "z": -103.96}, "velocity": {"x": 0.00, "y": 0.00, "z": 0.00}, "view": {"x": -8.30, "y": -85.97, "z": 0.00}, "health": 100, "armor": 0, "helmet": 0}, "item": "vest"}
{"timestamp": "2019-08-31 14:43:20", "event": "bomb_plant_begin", "round": 2, "player": {"name": "Fly ^v^", "userId": 3, "uniqueId": "STEAM_1:1:192015750", "team": 2, "origin": {"x": -2070.43, "y": 253.72, "z": -95.96}, "velocity": {"x": 114.63, "y": 183.75, "z": 0.00}, "view": {"x": 6.26, "y": 55.39, "z": 0.00}, "health": 100, "armor": 100, "helmet": 0}, "site": 426}
{"timestamp": "2019-08-31 14:43:23", "event": "bomb_planted", "round": 2, "player": {"name": "Fly ^v^", "userId": 3, "uniqueId": "STEAM_1:1:192015750", "team": 2, "origin": {"x": -2070.43, "y": 253.72, "z": -113.96}, "velocity": {"x": 0.00, "y": 0.00, "z": 0.00}, "view": {"x": -0.66, "y": 2.43, "z": 0.00}, "health": 100, "armor": 100, "helmet": 0}, "site": 426}
{"timestamp": "2019-08-31 14:44:05", "event": "round_end", "round": 2, "winner": 2, "reason": 1}
{"timestamp": "2019-08-31 14:44:05", "event": "score_update", "map": "de_mirage", "round": 2, "teams": [{"name": "Terrorists", "team": 2, "score": 2}, {"name": "Counter-Terrorists", "team": 3, "score": 0}], "settings": {"max_rounds": 30, "overtime_enabled": 0, "overtime_max_rounds": 6}, "server": {"name": "VÍCIOS GAMING [!knife] [!ws] [!glove] @ HOSTZONE.COM.BR", "ip": "177.54.157.164", "port": 27093}}
{"timestamp": "2019-08-31 14:44:09", "event": "round_stats", "round": 3, "player": {"name": "Fly ^v^", "userId": 3, "uniqueId": "STEAM_1:1:192015750", "team": 2}, "shots": 0, "hits": 0, "kills": 0, "headshots": 0, "tks": 0, "damage": 0, "assists": 0, "assists_tk": 0, "deaths": 0, "head": 0, "chest": 0, "stomach": 0, "leftArm": 0, "rightArm": 0, "leftLeg": 0, "rightLeg": 0, "generic": 0}
{"timestamp": "2019-08-31 14:44:10", "event": "item_pickup", "round": 3, "player": {"name": "Fly ^v^", "userId": 3, "uniqueId": "STEAM_1:1:192015750", "team": 2, "origin": {"x": 1136.00, "y": -256.00, "z": -103.86}, "velocity": {"x": 0.00, "y": 0.00, "z": 0.00}, "view": {"x": 0.00, "y": 270.00, "z": 0.00}, "health": 100, "armor": 100, "helmet": 0}, "item": "c4"}
{"timestamp": "2019-08-31 14:44:10", "event": "bomb_pickup", "round": 3, "player": {"name": "Fly ^v^", "userId": 3, "uniqueId": "STEAM_1:1:192015750", "team": 2, "origin": {"x": 1136.00, "y": -256.00, "z": -103.86}, "velocity": {"x": 0.00, "y": 0.00, "z": 0.00}, "view": {"x": 0.00, "y": 270.00, "z": 0.00}, "health": 100, "armor": 100, "helmet": 0}}
{"timestamp": "2019-08-31 14:44:10", "event": "round_start", "freezeTime": 12}
{"timestamp": "2019-08-31 14:44:10", "event": "round_money", "round": 3, "player": {"name": "Fly ^v^", "userId": 3, "uniqueId": "STEAM_1:1:192015750", "team": 2, "origin": {"x": 1136.00, "y": -256.00, "z": -103.86}, "velocity": {"x": 0.00, "y": 0.00, "z": 0.00}, "view": {"x": 0.00, "y": 270.00, "z": 0.00}, "health": 100, "armor": 100, "helmet": 0}, "kills": 0, "assists": 0, "deaths": 0, "score": 4, "money": 3950}
{"timestamp": "2019-08-31 14:44:22", "event": "round_freeze_end"}
{"timestamp": "2019-08-31 14:44:52", "event": "bomb_dropped", "round": 3, "player": {"name": "Fly ^v^", "userId": 3, "uniqueId": "STEAM_1:1:192015750", "team": 2, "origin": {"x": 1136.00, "y": -256.00, "z": -103.96}, "velocity": {"x": 0.00, "y": 0.00, "z": 0.00}, "view": {"x": 0.00, "y": -90.00, "z": 0.00}, "health": 100, "armor": 100, "helmet": 0}}
{"timestamp": "2019-08-31 14:46:17", "event": "round_end", "round": 3, "winner": 3, "reason": 12}
{"timestamp": "2019-08-31 14:46:17", "event": "score_update", "map": "de_mirage", "round": 3, "teams": [{"name": "Terrorists", "team": 2, "score": 2}, {"name": "Counter-Terrorists", "team": 3, "score": 1}], "settings": {"max_rounds": 30, "overtime_enabled": 0, "overtime_max_rounds": 6}, "server": {"name": "VÍCIOS GAMING [!knife] [!ws] [!glove] @ HOSTZONE.COM.BR", "ip": "177.54.157.164", "port": 27093}}
{"timestamp": "2019-08-31 14:46:21", "event": "round_stats", "round": 4, "player": {"name": "Fly ^v^", "userId": 3, "uniqueId": "STEAM_1:1:192015750", "team": 2}, "shots": 0, "hits": 0, "kills": 0, "headshots": 0, "tks": 0, "damage": 0, "assists": 0, "assists_tk": 0, "deaths": 0, "head": 0, "chest": 0, "stomach": 0, "leftArm": 0, "rightArm": 0, "leftLeg": 0, "rightLeg": 0, "generic": 0}
{"timestamp": "2019-08-31 14:46:22", "event": "item_pickup", "round": 4, "player": {"name": "Fly ^v^", "userId": 3, "uniqueId": "STEAM_1:1:192015750", "team": 2, "origin": {"x": 1376.00, "y": -16.00, "z": -103.86}, "velocity": {"x": 0.00, "y": 0.00, "z": 0.00}, "view": {"x": 0.00, "y": 141.00, "z": 0.00}, "health": 100, "armor": 100, "helmet": 0}, "item": "c4"}
{"timestamp": "2019-08-31 14:46:22", "event": "bomb_pickup", "round": 4, "player": {"name": "Fly ^v^", "userId": 3, "uniqueId": "STEAM_1:1:192015750", "team": 2, "origin": {"x": 1376.00, "y": -16.00, "z": -103.86}, "velocity": {"x": 0.00, "y": 0.00, "z": 0.00}, "view": {"x": 0.00, "y": 141.00, "z": 0.00}, "health": 100, "armor": 100, "helmet": 0}}
{"timestamp": "2019-08-31 14:46:22", "event": "round_start", "freezeTime": 12}
{"timestamp": "2019-08-31 14:46:22", "event": "round_money", "round": 4, "player": {"name": "Fly ^v^", "userId": 3, "uniqueId": "STEAM_1:1:192015750", "team": 2, "origin": {"x": 1376.00, "y": -16.00, "z": -103.86}, "velocity": {"x": 0.00, "y": 0.00, "z": 0.00}, "view": {"x": 0.00, "y": 141.00, "z": 0.00}, "health": 100, "armor": 100, "helmet": 0}, "kills": 0, "assists": 0, "deaths": 0, "score": 4, "money": 3950}
{"timestamp": "2019-08-31 14:46:34", "event": "round_freeze_end"}
{"timestamp": "2019-08-31 14:47:04", "event": "bomb_dropped", "round": 4, "player": {"name": "Fly ^v^", "userId": 3, "uniqueId": "STEAM_1:1:192015750", "team": 2, "origin": {"x": 1376.00, "y": -16.00, "z": -103.96}, "velocity": {"x": 0.00, "y": 0.00, "z": 0.00}, "view": {"x": 0.00, "y": 141.00, "z": 0.00}, "health": 100, "armor": 100, "helmet": 0}}
{"timestamp": "2019-08-31 14:48:29", "event": "round_end", "round": 4, "winner": 3, "reason": 12}
{"timestamp": "2019-08-31 14:48:29", "event": "score_update", "map": "de_mirage", "round": 4, "teams": [{"name": "Terrorists", "team": 2, "score": 2}, {"name": "Counter-Terrorists", "team": 3, "score": 2}], "settings": {"max_rounds": 30, "overtime_enabled": 0, "overtime_max_rounds": 6}, "server": {"name": "VÍCIOS GAMING [!knife] [!ws] [!glove] @ HOSTZONE.COM.BR", "ip": "177.54.157.164", "port": 27093}}
{"timestamp": "2019-08-31 14:48:33", "event": "round_stats", "round": 5, "player": {"name": "Fly ^v^", "userId": 3, "uniqueId": "STEAM_1:1:192015750", "team": 2}, "shots": 0, "hits": 0, "kills": 0, "headshots": 0, "tks": 0, "damage": 0, "assists": 0, "assists_tk": 0, "deaths": 0, "head": 0, "chest": 0, "stomach": 0, "leftArm": 0, "rightArm": 0, "leftLeg": 0, "rightLeg": 0, "generic": 0}
{"timestamp": "2019-08-31 14:48:34", "event": "item_pickup", "round": 5, "player": {"name": "Fly ^v^", "userId": 3, "uniqueId": "STEAM_1:1:192015750", "team": 2, "origin": {"x": 1296.00, "y": -256.00, "z": -103.86}, "velocity": {"x": 0.00, "y": 0.00, "z": 0.00}, "view": {"x": 0.00, "y": 227.00, "z": 0.00}, "health": 100, "armor": 100, "helmet": 0}, "item": "c4"}
{"timestamp": "2019-08-31 14:48:34", "event": "bomb_pickup", "round": 5, "player": {"name": "Fly ^v^", "userId": 3, "uniqueId": "STEAM_1:1:192015750", "team": 2, "origin": {"x": 1296.00, "y": -256.00, "z": -103.86}, "velocity": {"x": 0.00, "y": 0.00, "z": 0.00}, "view": {"x": 0.00, "y": 227.00, "z": 0.00}, "health": 100, "armor": 100, "helmet": 0}}
{"timestamp": "2019-08-31 14:48:34", "event": "round_start", "freezeTime": 12}
{"timestamp": "2019-08-31 14:48:34", "event": "round_money", "round": 5, "player": {"name": "Fly ^v^", "userId": 3, "uniqueId": "STEAM_1:1:192015750", "team": 2, "origin": {"x": 1296.00, "y": -256.00, "z": -103.86}, "velocity": {"x": 0.00, "y": 0.00, "z": 0.00}, "view": {"x": 0.00, "y": 227.00, "z": 0.00}, "health": 100, "armor": 100, "helmet": 0}, "kills": 0, "assists": 0, "deaths": 0, "score": 4, "money": 3950}
{"timestamp": "2019-08-31 14:48:46", "event": "round_freeze_end"}
{"timestamp": "2019-08-31 14:49:16", "event": "bomb_dropped", "round": 5, "player": {"name": "Fly ^v^", "userId": 3, "uniqueId": "STEAM_1:1:192015750", "team": 2, "origin": {"x": 1296.00, "y": -256.00, "z": -103.96}, "velocity": {"x": 0.00, "y": 0.00, "z": 0.00}, "view": {"x": 0.00, "y": -133.00, "z": 0.00}, "health": 100, "armor": 100, "helmet": 0}}
{"timestamp": "2019-08-31 14:50:41", "event": "round_end", "round": 5, "winner": 3, "reason": 12}
{"timestamp": "2019-08-31 14:50:41", "event": "score_update", "map": "de_mirage", "round": 5, "teams": [{"name": "Terrorists", "team": 2, "score": 2}, {"name": "Counter-Terrorists", "team": 3, "score": 3}], "settings": {"max_rounds": 30, "overtime_enabled": 0, "overtime_max_rounds": 6}, "server": {"name": "VÍCIOS GAMING [!knife] [!ws] [!glove] @ HOSTZONE.COM.BR", "ip": "177.54.157.164", "port": 27093}}
{"timestamp": "2019-08-31 14:50:45", "event": "round_stats", "round": 6, "player": {"name": "Fly ^v^", "userId": 3, "uniqueId": "STEAM_1:1:192015750", "team": 2}, "shots": 0, "hits": 0, "kills": 0, "headshots": 0, "tks": 0, "damage": 0, "assists": 0, "assists_tk": 0, "deaths": 0, "head": 0, "chest": 0, "stomach": 0, "leftArm": 0, "rightArm": 0, "leftLeg": 0, "rightLeg": 0, "generic": 0}
{"timestamp": "2019-08-31 14:50:47", "event": "item_pickup", "round": 6, "player": {"name": "Fly ^v^", "userId": 3, "uniqueId": "STEAM_1:1:192015750", "team": 2, "origin": {"x": 1296.00, "y": -352.00, "z": -103.86}, "velocity": {"x": 0.00, "y": 0.00, "z": 0.00}, "view": {"x": 0.00, "y": 227.00, "z": 0.00}, "health": 100, "armor": 100, "helmet": 0}, "item": "c4"}
{"timestamp": "2019-08-31 14:50:47", "event": "bomb_pickup", "round": 6, "player": {"name": "Fly ^v^", "userId": 3, "uniqueId": "STEAM_1:1:192015750", "team": 2, "origin": {"x": 1296.00, "y": -352.00, "z": -103.86}, "velocity": {"x": 0.00, "y": 0.00, "z": 0.00}, "view": {"x": 0.00, "y": 227.00, "z": 0.00}, "health": 100, "armor": 100, "helmet": 0}}
{"timestamp": "2019-08-31 14:50:47", "event": "round_start", "freezeTime": 12}
{"timestamp": "2019-08-31 14:50:47", "event": "round_money", "round": 6, "player": {"name": "Fly ^v^", "userId": 3, "uniqueId": "STEAM_1:1:192015750", "team": 2, "origin": {"x": 1296.00, "y": -352.00, "z": -103.86}, "velocity": {"x": 0.00, "y": 0.00, "z": 0.00}, "view": {"x": 0.00, "y": 227.00, "z": 0.00}, "health": 100, "armor": 100, "helmet": 0}, "kills": 0, "assists": 0, "deaths": 0, "score": 4, "money": 3950}
{"timestamp": "2019-08-31 14:50:59", "event": "round_freeze_end"}
{"timestamp": "2019-08-31 14:51:29", "event": "bomb_dropped", "round": 6, "player": {"name": "Fly ^v^", "userId": 3, "uniqueId": "STEAM_1:1:192015750", "team": 2, "origin": {"x": 1296.00, "y": -352.00, "z": -103.96}, "velocity": {"x": 0.00, "y": 0.00, "z": 0.00}, "view": {"x": 0.00, "y": -133.00, "z": 0.00}, "health": 100, "armor": 100, "helmet": 0}}
{"timestamp": "2019-08-31 14:52:54", "event": "round_end", "round": 6, "winner": 3, "reason": 12}
{"timestamp": "2019-08-31 14:52:54", "event": "score_update", "map": "de_mirage", "round": 6, "teams": [{"name": "Terrorists", "team": 2, "score": 2}, {"name": "Counter-Terrorists", "team": 3, "score": 4}], "settings": {"max_rounds": 30, "overtime_enabled": 0, "overtime_max_rounds": 6}, "server": {"name": "VÍCIOS GAMING [!knife] [!ws] [!glove] @ HOSTZONE.COM.BR", "ip": "177.54.157.164", "port": 27093}}
{"timestamp": "2019-08-31 14:52:58", "event": "round_stats", "round": 7, "player": {"name": "Fly ^v^", "userId": 3, "uniqueId": "STEAM_1:1:192015750", "team": 2}, "shots": 0, "hits": 0, "kills": 0, "headshots": 0, "tks": 0, "damage": 0, "assists": 0, "assists_tk": 0, "deaths": 0, "head": 0, "chest": 0, "stomach": 0, "leftArm": 0, "rightArm": 0, "leftLeg": 0, "rightLeg": 0, "generic": 0}
{"timestamp": "2019-08-31 14:52:59", "event": "item_pickup", "round": 7, "player": {"name": "Fly ^v^", "userId": 3, "uniqueId": "STEAM_1:1:192015750", "team": 2, "origin": {"x": 1136.00, "y": -64.00, "z": -103.86}, "velocity": {"x": 0.00, "y": 0.00, "z": 0.00}, "view": {"x": 0.00, "y": 90.00, "z": 0.00}, "health": 100, "armor": 100, "helmet": 0}, "item": "c4"}
{"timestamp": "2019-08-31 14:52:59", "event": "bomb_pickup", "round": 7, "player": {"name": "Fly ^v^", "userId": 3, "uniqueId": "STEAM_1:1:192015750", "team": 2, "origin": {"x": 1136.00, "y": -64.00, "z": -103.86}, "velocity": {"x": 0.00, "y": 0.00, "z": 0.00}, "view": {"x": 0.00, "y": 90.00, "z": 0.00}, "health": 100, "armor": 100, "helmet": 0}}
{"timestamp": "2019-08-31 14:52:59", "event": "round_start", "freezeTime": 12}
{"timestamp": "2019-08-31 14:52:59", "event": "round_money", "round": 7, "player": {"name": "Fly ^v^", "userId": 3, "uniqueId": "STEAM_1:1:192015750", "team": 2, "origin": {"x": 1136.00, "y": -64.00, "z": -103.86}, "velocity": {"x": 0.00, "y": 0.00, "z": 0.00}, "view": {"x": 0.00, "y": 90.00, "z": 0.00}, "health": 100, "armor": 100, "helmet": 0}, "kills": 0, "assists": 0, "deaths": 0, "score": 4, "money": 3950}
{"timestamp": "2019-08-31 14:53:11", "event": "round_freeze_end"}
{"timestamp": "2019-08-31 14:53:41", "event": "bomb_dropped", "round": 7, "player": {"name": "Fly ^v^", "userId": 3, "uniqueId": "STEAM_1:1:192015750", "team": 2, "origin": {"x": 1136.00, "y": -64.00, "z": -103.96}, "velocity": {"x": 0.00, "y": 0.00, "z": 0.00}, "view": {"x": 0.00, "y": 90.00, "z": 0.00}, "health": 100, "armor": 100, "helmet": 0}}
{"timestamp": "2019-08-31 14:55:06", "event": "round_end", "round": 7, "winner": 3, "reason": 12}
{"timestamp": "2019-08-31 14:55:06", "event": "score_update", "map": "de_mirage", "round": 7, "teams": [{"name": "Terrorists", "team": 2, "score": 2}, {"name": "Counter-Terrorists", "team": 3, "score": 5}], "settings": {"max_rounds": 30, "overtime_enabled": 0, "overtime_max_rounds": 6}, "server": {"name": "VÍCIOS GAMING [!knife] [!ws] [!glove] @ HOSTZONE.COM.BR", "ip": "177.54.157.164", "port": 27093}}
{"timestamp": "2019-08-31 14:55:10", "event": "round_stats", "round": 8, "player": {"name": "Fly ^v^", "userId": 3, "uniqueId": "STEAM_1:1:192015750", "team": 2}, "shots": 0, "hits": 0, "kills": 0, "headshots": 0, "tks": 0, "damage": 0, "assists": 0, "assists_tk": 0, "deaths": 0, "head": 0, "chest": 0, "stomach": 0, "leftArm": 0, "rightArm": 0, "leftLeg": 0, "rightLeg": 0, "generic": 0}
{"timestamp": "2019-08-31 14:55:11", "event": "item_pickup", "round": 8, "player": {"name": "Fly ^v^", "userId": 3, "uniqueId": "STEAM_1:1:192015750", "team": 2, "origin": {"x": 1296.00, "y": -256.00, "z": -103.86}, "velocity": {"x": 0.00, "y": 0.00, "z": 0.00}, "view": {"x": 0.00, "y": 227.00, "z": 0.00}, "health": 100, "armor": 100, "helmet": 0}, "item": "c4"}
{"timestamp": "2019-08-31 14:55:11", "event": "bomb_pickup", "round": 8, "player": {"name": "Fly ^v^", "userId": 3, "uniqueId": "STEAM_1:1:192015750", "team": 2, "origin": {"x": 1296.00, "y": -256.00, "z": -103.86}, "velocity": {"x": 0.00, "y": 0.00, "z": 0.00}, "view": {"x": 0.00, "y": 227.00, "z": 0.00}, "health": 100, "armor": 100, "helmet": 0}}
{"timestamp": "2019-08-31 14:55:11", "event": "round_start", "freezeTime": 12}
{"timestamp": "2019-08-31 14:55:11", "event": "round_money", "round": 8, "player": {"name": "Fly ^v^", "userId": 3, "uniqueId": "STEAM_1:1:192015750", "team": 2, "origin": {"x": 1296.00, "y": -256.00, "z": -103.86}, "velocity": {"x": 0.00, "y": 0.00, "z": 0.00}, "view": {"x": 0.00, "y": 227.00, "z": 0.00}, "health": 100, "armor": 100, "helmet": 0}, "kills": 0, "assists": 0, "deaths": 0, "score": 4, "money": 3950}
{"timestamp": "2019-08-31 14:55:23", "event": "round_freeze_end"}
{"timestamp": "2019-08-31 14:55:53", "event": "bomb_dropped", "round": 8, "player": {"name": "Fly ^v^", "userId": 3, "uniqueId": "STEAM_1:1:192015750", "team": 2, "origin": {"x": 1296.00, "y": -256.00, "z": -103.96}, "velocity": {"x": 0.00, "y": 0.00, "z": 0.00}, "view": {"x": 0.00, "y": -133.00, "z": 0.00}, "health": 100, "armor": 100, "helmet": 0}}
{"timestamp": "2019-08-31 14:56:58", "event": "player_disconnect", "round": 8, "player": {"name": "Fly ^v^", "userId": 3, "uniqueId": "STEAM_1:1:192015750", "team": 2}, "reason": "Disconnect"}
{"timestamp": "2019-08-31 14:56:58", "event": "round_stats", "round": 8, "player": {"name": "Fly ^v^", "userId": 3, "uniqueId": "STEAM_1:1:192015750", "team": 2}, "shots": 0, "hits": 0, "kills": 0, "headshots": 0, "tks": 0, "damage": 0, "assists": 0, "assists_tk": 0, "deaths": 0, "head": 0, "chest": 0, "stomach": 0, "leftArm": 0, "rightArm": 0, "leftLeg": 0, "rightLeg": 0, "generic": 0}
{"timestamp": "2019-08-31 14:56:58", "event": "player_suicide", "round": 8, "player": {"name": "Fly ^v^", "userId": 3, "uniqueId": "STEAM_1:1:192015750", "team": 2, "origin": {"x": 1296.00, "y": -256.00, "z": -103.96}, "velocity": {"x": 0.00, "y": 0.00, "z": 0.00}, "view": {"x": -2.03, "y": -127.33, "z": 0.00}, "health": 0, "armor": 0, "helmet": 0}, "assister": {}, "weapon": "world"}
{"timestamp": "2019-08-31 14:56:58", "event": "round_end", "round": 8, "winner": 1, "reason": 10}
{"timestamp": "2019-08-31 14:56:58", "event": "player_team", "round": 8, "player": {"name": "Fly ^v^", "userId": 3, "uniqueId": "STEAM_1:1:192015750", "team": 2}, "oldTeam": 2, "newTeam": 0}
{"timestamp": "2019-08-31 14:57:01", "event": "player_connect", "player": {"name": "Fly ^v^", "userId": 4, "uniqueId": "STEAM_1:1:192015750", "team": 0}, "address": "179.97.35.19", "country": "BR"}
{"timestamp": "2019-08-31 14:57:03", "event": "round_start", "freezeTime": 12}
{"timestamp": "2019-08-31 14:57:15", "event": "round_freeze_end"}
{"timestamp": "2019-08-31 14:57:48", "event": "player_team", "round": 8, "player": {"name": "Fly ^v^", "userId": 4, "uniqueId": "STEAM_1:1:192015750", "team": 0}, "oldTeam": 0, "newTeam": 2}
{"timestamp": "2019-08-31 14:57:48", "event": "item_pickup", "round": 8, "player": {"name": "Fly ^v^", "userId": 4, "uniqueId": "STEAM_1:1:192015750", "team": 2, "origin": {"x": 1376.00, "y": -304.00, "z": -103.86}, "velocity": {"x": 0.00, "y": 0.00, "z": 0.00}, "view": {"x": 0.00, "y": 227.00, "z": 0.00}, "health": 100, "armor": 0, "helmet": 0}, "item": "glock"}
{"timestamp": "2019-08-31 14:57:48", "event": "round_end", "round": 8, "winner": 1, "reason": 16}
{"timestamp": "2019-08-31 14:57:48", "event": "item_pickup", "round": 8, "player": {"name": "Fly ^v^", "userId": 4, "uniqueId": "STEAM_1:1:192015750", "team": 2, "origin": {"x": 1216.00, "y": -307.00, "z": -101.24}, "velocity": {"x": 0.00, "y": 0.00, "z": 0.00}, "view": {"x": 0.00, "y": 270.00, "z": 0.00}, "health": 100, "armor": 0, "helmet": 0}, "item": "glock"}
{"timestamp": "2019-08-31 14:57:48", "event": "item_pickup", "round": 8, "player": {"name": "Fly ^v^", "userId": 4, "uniqueId": "STEAM_1:1:192015750", "team": 2, "origin": {"x": 1216.00, "y": -307.00, "z": -101.24}, "velocity": {"x": 0.00, "y": 0.00, "z": 0.00}, "view": {"x": 0.00, "y": 270.00, "z": 0.00}, "health": 100, "armor": 0, "helmet": 0}, "item": "c4"}
{"timestamp": "2019-08-31 14:57:48", "event": "bomb_pickup", "round": 8, "player": {"name": "Fly ^v^", "userId": 4, "uniqueId": "STEAM_1:1:192015750", "team": 2, "origin": {"x": 1216.00, "y": -307.00, "z": -101.24}, "velocity": {"x": 0.00, "y": 0.00, "z": 0.00}, "view": {"x": 0.00, "y": 270.00, "z": 0.00}, "health": 100, "armor": 0, "helmet": 0}}
{"timestamp": "2019-08-31 14:57:48", "event": "round_start", "freezeTime": 12}
{"timestamp": "2019-08-31 14:57:48", "event": "round_money", "round": 8, "player": {"name": "Fly ^v^", "userId": 4, "uniqueId": "STEAM_1:1:192015750", "team": 2, "origin": {"x": 1216.00, "y": -307.00, "z": -101.24}, "velocity": {"x": 0.00, "y": 0.00, "z": 0.00}, "view": {"x": 0.00, "y": 270.00, "z": 0.00}, "health": 100, "armor": 0, "helmet": 0}, "kills": 0, "assists": 0, "deaths": 0, "score": 0, "money": 800}
{"timestamp": "2019-08-31 14:57:52", "event": "round_stats", "round": 8, "player": {"name": "Fly ^v^", "userId": 4, "uniqueId": "STEAM_1:1:192015750", "team": 2}, "shots": 0, "hits": 0, "kills": 0, "headshots": 0, "tks": 0, "damage": 0, "assists": 0, "assists_tk": 0, "deaths": 0, "head": 0, "chest": 0, "stomach": 0, "leftArm": 0, "rightArm": 0, "leftLeg": 0, "rightLeg": 0, "generic": 0}
{"timestamp": "2019-08-31 14:58:00", "event": "round_freeze_end"}
{"timestamp": "2019-08-31 14:58:30", "event": "bomb_dropped", "round": 8, "player": {"name": "Fly ^v^", "userId": 4, "uniqueId": "STEAM_1:1:192015750", "team": 2, "origin": {"x": 1216.00, "y": -307.00, "z": -101.62}, "velocity": {"x": 0.00, "y": 0.00, "z": 0.00}, "view": {"x": -1.64, "y": 109.92, "z": 0.00}, "health": 100, "armor": 0, "helmet": 0}}
{"timestamp": "2019-08-31 14:59:54", "event": "round_stats", "round": 8, "player": {"name": "Fly ^v^", "userId": 4, "uniqueId": "STEAM_1:1:192015750", "team": 2}, "shots": 0, "hits": 0, "kills": 0, "headshots": 0, "tks": 0, "damage": 0, "assists": 0, "assists_tk": 0, "deaths": 0, "head": 0, "chest": 0, "stomach": 0, "leftArm": 0, "rightArm": 0, "leftLeg": 0, "rightLeg": 0, "generic": 0}
