{"timestamp": "2019-09-01 13:03:55", "event": "log_start", "unixTime": 1567357435}
{"timestamp": "2019-09-01 13:03:55", "event": "player_status", "player": {"name": "ğ’ğ¤ğ®ğ‹ğ‹", "userId": 32, "uniqueId": "STEAM_1:0:158915668", "team": 2}, "address": "191.242.223.225", "country": "BR"}
{"timestamp": "2019-09-01 13:03:55", "event": "player_status", "player": {"name": "Fly ^v^", "userId": 33, "uniqueId": "STEAM_1:1:192015750", "team": 2}, "address": "179.97.35.19", "country": "BR"}
{"timestamp": "2019-09-01 13:03:55", "event": "item_pickup", "round": 1, "player": {"name": "ğ’ğ¤ğ®ğ‹ğ‹", "userId": 32, "uniqueId": "STEAM_1:0:158915668", "team": 2, "origin": {"x": 1296.00, "y": -256.00, "z": -103.86}, "velocity": {"x": 0.00, "y": 0.00, "z": 0.00}, "view": {"x": 0.00, "y": 227.00, "z": 0.00}, "health": 100, "armor": 0, "helmet": 0}, "item": "glock"}
{"timestamp": "2019-09-01 13:03:55", "event": "item_pickup", "round": 1, "player": {"name": "Fly ^v^", "userId": 33, "uniqueId": "STEAM_1:1:192015750", "team": 2, "origin": {"x": 1376.00, "y": -304.00, "z": -103.86}, "velocity": {"x": 0.00, "y": 0.00, "z": 0.00}, "view": {"x": 0.00, "y": 227.00, "z": 0.00}, "health": 100, "armor": 0, "helmet": 0}, "item": "glock"}
{"timestamp": "2019-09-01 13:03:55", "event": "item_pickup", "round": 1, "player": {"name": "ğ’ğ¤ğ®ğ‹ğ‹", "userId": 32, "uniqueId": "STEAM_1:0:158915668", "team": 2, "origin": {"x": 1296.00, "y": -256.00, "z": -103.86}, "velocity": {"x": 0.00, "y": 0.00, "z": 0.00}, "view": {"x": 0.00, "y": 227.00, "z": 0.00}, "health": 100, "armor": 0, "helmet": 0}, "item": "c4"}
{"timestamp": "2019-09-01 13:03:55", "event": "bomb_pickup", "round": 1, "player": {"name": "ğ’ğ¤ğ®ğ‹ğ‹", "userId": 32, "uniqueId": "STEAM_1:0:158915668", "team": 2, "origin": {"x": 1296.00, "y": -256.00, "z": -103.86}, "velocity": {"x": 0.00, "y": 0.00, "z": 0.00}, "view": {"x": 0.00, "y": 227.00, "z": 0.00}, "health": 100, "armor": 0, "helmet": 0}}
{"timestamp": "2019-09-01 13:03:55", "event": "round_start", "freezeTime": 0}
{"timestamp": "2019-09-01 13:03:55", "event": "round_money", "round": 1, "player": {"name": "ğ’ğ¤ğ®ğ‹ğ‹", "userId": 32, "uniqueId": "STEAM_1:0:158915668", "team": 2, "origin": {"x": 1296.00, "y": -256.00, "z": -103.86}, "velocity": {"x": 0.00, "y": 0.00, "z": 0.00}, "view": {"x": 0.00, "y": 227.00, "z": 0.00}, "health": 100, "armor": 0, "helmet": 0}, "kills": 0, "assists": 0, "deaths": 0, "score": 0, "money": 16000}
{"timestamp": "2019-09-01 13:03:55", "event": "round_money", "round": 1, "player": {"name": "Fly ^v^", "userId": 33, "uniqueId": "STEAM_1:1:192015750", "team": 2, "origin": {"x": 1376.00, "y": -304.00, "z": -103.86}, "velocity": {"x": 0.00, "y": 0.00, "z": 0.00}, "view": {"x": 0.00, "y": 227.00, "z": 0.00}, "health": 100, "armor": 0, "helmet": 0}, "kills": 0, "assists": 0, "deaths": 0, "score": 0, "money": 16000}
{"timestamp": "2019-09-01 13:03:55", "event": "round_freeze_end"}
{"timestamp": "2019-09-01 13:03:56", "event": "live_on_3", "map": "de_mirage", "teams": [{"name": "Terrorists", "team": 2}, {"name": "Counter-Terrorists", "team": 3}], "status": 5, "settings": {"max_rounds": 30, "overtime_enabled": 0, "overtime_max_rounds": 6}, "server": {"name": "VÃCIOS GAMING [!knife] [!ws] [!glove] @ HOSTZONE.COM.BR", "ip": "177.54.157.164", "port": 27093}, "competition": "WarMod BFG", "event_name": "Scrim", "version": "18.05.24.0924"}
{"timestamp": "2019-09-01 13:03:56", "event": "round_restart", "delay": 1}
{"timestamp": "2019-09-01 13:03:57", "event": "item_pickup", "round": 1, "player": {"name": "ğ’ğ¤ğ®ğ‹ğ‹", "userId": 32, "uniqueId": "STEAM_1:0:158915668", "team": 2, "origin": {"x": 1296.00, "y": -64.00, "z": -103.86}, "velocity": {"x": 0.00, "y": 0.00, "z": 0.00}, "view": {"x": 0.00, "y": 141.00, "z": 0.00}, "health": 100, "armor": 0, "helmet": 0}, "item": "glock"}
{"timestamp": "2019-09-01 13:03:57", "event": "item_pickup", "round": 1, "player": {"name": "Fly ^v^", "userId": 33, "uniqueId": "STEAM_1:1:192015750", "team": 2, "origin": {"x": 1216.00, "y": -115.00, "z": -99.86}, "velocity": {"x": 0.00, "y": 0.00, "z": 0.00}, "view": {"x": 0.00, "y": 90.00, "z": 0.00}, "health": 100, "armor": 0, "helmet": 0}, "item": "glock"}
{"timestamp": "2019-09-01 13:03:57", "event": "item_pickup", "round": 1, "player": {"name": "Fly ^v^", "userId": 33, "uniqueId": "STEAM_1:1:192015750", "team": 2, "origin": {"x": 1216.00, "y": -115.00, "z": -99.86}, "velocity": {"x": 0.00, "y": 0.00, "z": 0.00}, "view": {"x": 0.00, "y": 90.00, "z": 0.00}, "health": 100, "armor": 0, "helmet": 0}, "item": "c4"}
{"timestamp": "2019-09-01 13:03:57", "event": "bomb_pickup", "round": 1, "player": {"name": "Fly ^v^", "userId": 33, "uniqueId": "STEAM_1:1:192015750", "team": 2, "origin": {"x": 1216.00, "y": -115.00, "z": -99.86}, "velocity": {"x": 0.00, "y": 0.00, "z": 0.00}, "view": {"x": 0.00, "y": 90.00, "z": 0.00}, "health": 100, "armor": 0, "helmet": 0}}
{"timestamp": "2019-09-01 13:03:57", "event": "round_start", "freezeTime": 12}
{"timestamp": "2019-09-01 13:03:57", "event": "round_money", "round": 1, "player": {"name": "ğ’ğ¤ğ®ğ‹ğ‹", "userId": 32, "uniqueId": "STEAM_1:0:158915668", "team": 2, "origin": {"x": 1296.00, "y": -64.00, "z": -103.86}, "velocity": {"x": 0.00, "y": 0.00, "z": 0.00}, "view": {"x": 0.00, "y": 141.00, "z": 0.00}, "health": 100, "armor": 0, "helmet": 0}, "kills": 0, "assists": 0, "deaths": 0, "score": 0, "money": 800}
{"timestamp": "2019-09-01 13:03:57", "event": "round_money", "round": 1, "player": {"name": "Fly ^v^", "userId": 33, "uniqueId": "STEAM_1:1:192015750", "team": 2, "origin": {"x": 1216.00, "y": -115.00, "z": -99.86}, "velocity": {"x": 0.00, "y": 0.00, "z": 0.00}, "view": {"x": 0.00, "y": 90.00, "z": 0.00}, "health": 100, "armor": 0, "helmet": 0}, "kills": 0, "assists": 0, "deaths": 0, "score": 0, "money": 800}
{"timestamp": "2019-09-01 13:03:57", "event": "round_restart", "delay": 1}
{"timestamp": "2019-09-01 13:03:58", "event": "item_pickup", "round": 1, "player": {"name": "Fly ^v^", "userId": 33, "uniqueId": "STEAM_1:1:192015750", "team": 2, "origin": {"x": 1216.00, "y": -16.00, "z": -99.86}, "velocity": {"x": 0.00, "y": 0.00, "z": 0.00}, "view": {"x": 0.00, "y": 90.00, "z": 0.00}, "health": 100, "armor": 0, "helmet": 0}, "item": "glock"}
{"timestamp": "2019-09-01 13:03:58", "event": "item_pickup", "round": 1, "player": {"name": "ğ’ğ¤ğ®ğ‹ğ‹", "userId": 32, "uniqueId": "STEAM_1:0:158915668", "team": 2, "origin": {"x": 1216.00, "y": -307.00, "z": -101.24}, "velocity": {"x": 0.00, "y": 0.00, "z": 0.00}, "view": {"x": 0.00, "y": 270.00, "z": 0.00}, "health": 100, "armor": 0, "helmet": 0}, "item": "glock"}
{"timestamp": "2019-09-01 13:03:58", "event": "item_pickup", "round": 1, "player": {"name": "ğ’ğ¤ğ®ğ‹ğ‹", "userId": 32, "uniqueId": "STEAM_1:0:158915668", "team": 2, "origin": {"x": 1216.00, "y": -307.00, "z": -101.24}, "velocity": {"x": 0.00, "y": 0.00, "z": 0.00}, "view": {"x": 0.00, "y": 270.00, "z": 0.00}, "health": 100, "armor": 0, "helmet": 0}, "item": "c4"}
{"timestamp": "2019-09-01 13:03:58", "event": "bomb_pickup", "round": 1, "player": {"name": "ğ’ğ¤ğ®ğ‹ğ‹", "userId": 32, "uniqueId": "STEAM_1:0:158915668", "team": 2, "origin": {"x": 1216.00, "y": -307.00, "z": -101.24}, "velocity": {"x": 0.00, "y": 0.00, "z": 0.00}, "view": {"x": 0.00, "y": 270.00, "z": 0.00}, "health": 100, "armor": 0, "helmet": 0}}
{"timestamp": "2019-09-01 13:03:58", "event": "round_start", "freezeTime": 12}
{"timestamp": "2019-09-01 13:03:58", "event": "round_money", "round": 1, "player": {"name": "ğ’ğ¤ğ®ğ‹ğ‹", "userId": 32, "uniqueId": "STEAM_1:0:158915668", "team": 2, "origin": {"x": 1216.00, "y": -307.00, "z": -101.24}, "velocity": {"x": 0.00, "y": 0.00, "z": 0.00}, "view": {"x": 0.00, "y": 270.00, "z": 0.00}, "health": 100, "armor": 0, "helmet": 0}, "kills": 0, "assists": 0, "deaths": 0, "score": 0, "money": 800}
{"timestamp": "2019-09-01 13:03:58", "event": "round_money", "round": 1, "player": {"name": "Fly ^v^", "userId": 33, "uniqueId": "STEAM_1:1:192015750", "team": 2, "origin": {"x": 1216.00, "y": -16.00, "z": -99.86}, "velocity": {"x": 0.00, "y": 0.00, "z": 0.00}, "view": {"x": 0.00, "y": 90.00, "z": 0.00}, "health": 100, "armor": 0, "helmet": 0}, "kills": 0, "assists": 0, "deaths": 0, "score": 0, "money": 800}
{"timestamp": "2019-09-01 13:03:58", "event": "round_restart", "delay": 3}
{"timestamp": "2019-09-01 13:04:01", "event": "item_pickup", "round": 1, "player": {"name": "Fly ^v^", "userId": 33, "uniqueId": "STEAM_1:1:192015750", "team": 2, "origin": {"x": 1216.00, "y": -115.00, "z": -99.86}, "velocity": {"x": 0.00, "y": 0.00, "z": 0.00}, "view": {"x": 0.00, "y": 90.00, "z": 0.00}, "health": 100, "armor": 0, "helmet": 0}, "item": "glock"}
{"timestamp": "2019-09-01 13:04:01", "event": "item_pickup", "round": 1, "player": {"name": "ğ’ğ¤ğ®ğ‹ğ‹", "userId": 32, "uniqueId": "STEAM_1:0:158915668", "team": 2, "origin": {"x": 1376.00, "y": -16.00, "z": -103.86}, "velocity": {"x": 0.00, "y": 0.00, "z": 0.00}, "view": {"x": 0.00, "y": 141.00, "z": 0.00}, "health": 100, "armor": 0, "helmet": 0}, "item": "glock"}
{"timestamp": "2019-09-01 13:04:01", "event": "item_pickup", "round": 1, "player": {"name": "Fly ^v^", "userId": 33, "uniqueId": "STEAM_1:1:192015750", "team": 2, "origin": {"x": 1216.00, "y": -115.00, "z": -99.86}, "velocity": {"x": 0.00, "y": 0.00, "z": 0.00}, "view": {"x": 0.00, "y": 90.00, "z": 0.00}, "health": 100, "armor": 0, "helmet": 0}, "item": "c4"}
{"timestamp": "2019-09-01 13:04:01", "event": "bomb_pickup", "round": 1, "player": {"name": "Fly ^v^", "userId": 33, "uniqueId": "STEAM_1:1:192015750", "team": 2, "origin": {"x": 1216.00, "y": -115.00, "z": -99.86}, "velocity": {"x": 0.00, "y": 0.00, "z": 0.00}, "view": {"x": 0.00, "y": 90.00, "z": 0.00}, "health": 100, "armor": 0, "helmet": 0}}
{"timestamp": "2019-09-01 13:04:01", "event": "round_start", "freezeTime": 12}
{"timestamp": "2019-09-01 13:04:01", "event": "round_money", "round": 1, "player": {"name": "ğ’ğ¤ğ®ğ‹ğ‹", "userId": 32, "uniqueId": "STEAM_1:0:158915668", "team": 2, "origin": {"x": 1376.00, "y": -16.00, "z": -103.86}, "velocity": {"x": 0.00, "y": 0.00, "z": 0.00}, "view": {"x": 0.00, "y": 141.00, "z": 0.00}, "health": 100, "armor": 0, "helmet": 0}, "kills": 0, "assists": 0, "deaths": 0, "score": 0, "money": 800}
{"timestamp": "2019-09-01 13:04:01", "event": "round_money", "round": 1, "player": {"name": "Fly ^v^", "userId": 33, "uniqueId": "STEAM_1:1:192015750", "team": 2, "origin": {"x": 1216.00, "y": -115.00, "z": -99.86}, "velocity": {"x": 0.00, "y": 0.00, "z": 0.00}, "view": {"x": 0.00, "y": 90.00, "z": 0.00}, "health": 100, "armor": 0, "helmet": 0}, "kills": 0, "assists": 0, "deaths": 0, "score": 0, "money": 800}
{"timestamp": "2019-09-01 13:04:03", "event": "player_say", "round": 1, "player": {"name": "Fly ^v^", "userId": 33, "uniqueId": "STEAM_1:1:192015750", "team": 2}, "message": "!admin", "teamOnly": 0}
{"timestamp": "2019-09-01 13:04:07", "event": "match_reset"}
{"timestamp": "2019-09-01 13:04:07", "event": "log_end"}
