{"timestamp": "2019-09-01 15:46:37", "event": "log_start", "unixTime": 1567367197}
{"timestamp": "2019-09-01 15:46:37", "event": "player_status", "player": {"name": "Fly ^v^", "userId": 2, "uniqueId": "STEAM_1:1:192015750", "team": 0}, "address": "179.97.35.19", "country": "BR"}
{"timestamp": "2019-09-01 15:46:37", "event": "player_status", "player": {"name": "eu n sou homi", "userId": 3, "uniqueId": "STEAM_1:0:192741652", "team": 3}, "address": "187.65.43.228", "country": "BR"}
{"timestamp": "2019-09-01 15:46:37", "event": "player_status", "player": {"name": "swoot", "userId": 4, "uniqueId": "STEAM_1:1:104163866", "team": 3}, "address": "187.65.92.123", "country": "BR"}
{"timestamp": "2019-09-01 15:46:37", "event": "player_status", "player": {"name": "𝐒𝐤𝐮𝐋𝐋", "userId": 12, "uniqueId": "STEAM_1:0:158915668", "team": 3}, "address": "191.242.223.225", "country": "BR"}
{"timestamp": "2019-09-01 15:46:37", "event": "player_status", "player": {"name": "Hᴏғᴍᴀɴɴ", "userId": 13, "uniqueId": "STEAM_1:1:198763645", "team": 2}, "address": "187.19.22.190", "country": "BR"}
{"timestamp": "2019-09-01 15:46:37", "event": "knife_on_3", "map": "de_mirage", "teams": [{"name": "Terrorists", "team": 2}, {"name": "Vícios ", "team": 3}], "server": {"name": "VÍCIOS GAMING [!knife] [!ws] [!glove] @ HOSTZONE.COM.BR", "ip": "177.54.157.164", "port": 27093}}
{"timestamp": "2019-09-01 15:46:38", "event": "knife_item_pickup", "round": 1, "player": {"name": "Hᴏғᴍᴀɴɴ", "userId": 13, "uniqueId": "STEAM_1:1:198763645", "team": 2, "origin": {"x": 1296.00, "y": -64.00, "z": -103.86}, "velocity": {"x": 0.00, "y": 0.00, "z": 0.00}, "view": {"x": 0.00, "y": 141.00, "z": 0.00}, "health": 100, "armor": 0, "helmet": 0}, "item": "knife"}
{"timestamp": "2019-09-01 15:46:38", "event": "knife_item_pickup", "round": 1, "player": {"name": "Hᴏғᴍᴀɴɴ", "userId": 13, "uniqueId": "STEAM_1:1:198763645", "team": 2, "origin": {"x": 1296.00, "y": -64.00, "z": -103.86}, "velocity": {"x": 0.00, "y": 0.00, "z": 0.00}, "view": {"x": 0.00, "y": 141.00, "z": 0.00}, "health": 100, "armor": 0, "helmet": 0}, "item": "glock"}
{"timestamp": "2019-09-01 15:46:38", "event": "knife_item_pickup", "round": 1, "player": {"name": "𝐒𝐤𝐮𝐋𝐋", "userId": 12, "uniqueId": "STEAM_1:0:158915668", "team": 3, "origin": {"x": -1598.00, "y": -1732.00, "z": -204.12}, "velocity": {"x": 0.00, "y": 0.00, "z": 0.00}, "view": {"x": 0.00, "y": 106.00, "z": 0.00}, "health": 100, "armor": 0, "helmet": 0}, "item": "hkp2000"}
{"timestamp": "2019-09-01 15:46:38", "event": "knife_item_pickup", "round": 1, "player": {"name": "eu n sou homi", "userId": 3, "uniqueId": "STEAM_1:0:192741652", "team": 3, "origin": {"x": -1902.00, "y": -1816.00, "z": -211.86}, "velocity": {"x": 0.00, "y": 0.00, "z": 0.00}, "view": {"x": 0.00, "y": 0.00, "z": 0.00}, "health": 100, "armor": 0, "helmet": 0}, "item": "hkp2000"}
{"timestamp": "2019-09-01 15:46:38", "event": "knife_item_pickup", "round": 1, "player": {"name": "swoot", "userId": 4, "uniqueId": "STEAM_1:1:104163866", "team": 3, "origin": {"x": -1972.00, "y": -1988.00, "z": -225.42}, "velocity": {"x": 0.00, "y": 0.00, "z": 0.00}, "view": {"x": 0.00, "y": 0.00, "z": 0.00}, "health": 100, "armor": 0, "helmet": 0}, "item": "hkp2000"}
{"timestamp": "2019-09-01 15:46:38", "event": "knife_item_pickup", "round": 1, "player": {"name": "Hᴏғᴍᴀɴɴ", "userId": 13, "uniqueId": "STEAM_1:1:198763645", "team": 2, "origin": {"x": 1296.00, "y": -64.00, "z": -103.86}, "velocity": {"x": 0.00, "y": 0.00, "z": 0.00}, "view": {"x": 0.00, "y": 141.00, "z": 0.00}, "health": 100, "armor": 0, "helmet": 0}, "item": "c4"}
{"timestamp": "2019-09-01 15:46:38", "event": "knife_bomb_pickup", "round": 1, "player": {"name": "Hᴏғᴍᴀɴɴ", "userId": 13, "uniqueId": "STEAM_1:1:198763645", "team": 2, "origin": {"x": 1296.00, "y": -64.00, "z": -103.86}, "velocity": {"x": 0.00, "y": 0.00, "z": 0.00}, "view": {"x": 0.00, "y": 141.00, "z": 0.00}, "health": 100, "armor": 0, "helmet": 0}}
{"timestamp": "2019-09-01 15:46:38", "event": "knife_round_start", "freezeTime": 12}
{"timestamp": "2019-09-01 15:46:39", "event": "round_restart", "delay": 1}
{"timestamp": "2019-09-01 15:46:40", "event": "knife_item_pickup", "round": 1, "player": {"name": "eu n sou homi", "userId": 3, "uniqueId": "STEAM_1:0:192741652", "team": 3, "origin": {"x": -1776.00, "y": -1976.00, "z": -199.86}, "velocity": {"x": 0.00, "y": 0.00, "z": 0.00}, "view": {"x": 0.00, "y": 331.00, "z": 0.00}, "health": 100, "armor": 0, "helmet": 0}, "item": "hkp2000"}
{"timestamp": "2019-09-01 15:46:40", "event": "knife_item_pickup", "round": 1, "player": {"name": "Hᴏғᴍᴀɴɴ", "userId": 13, "uniqueId": "STEAM_1:1:198763645", "team": 2, "origin": {"x": 1296.00, "y": -64.00, "z": -103.86}, "velocity": {"x": 0.00, "y": 0.00, "z": 0.00}, "view": {"x": 0.00, "y": 141.00, "z": 0.00}, "health": 100, "armor": 0, "helmet": 0}, "item": "knife"}
{"timestamp": "2019-09-01 15:46:40", "event": "knife_item_pickup", "round": 1, "player": {"name": "Hᴏғᴍᴀɴɴ", "userId": 13, "uniqueId": "STEAM_1:1:198763645", "team": 2, "origin": {"x": 1296.00, "y": -64.00, "z": -103.86}, "velocity": {"x": 0.00, "y": 0.00, "z": 0.00}, "view": {"x": 0.00, "y": 141.00, "z": 0.00}, "health": 100, "armor": 0, "helmet": 0}, "item": "glock"}
{"timestamp": "2019-09-01 15:46:40", "event": "knife_item_pickup", "round": 1, "player": {"name": "swoot", "userId": 4, "uniqueId": "STEAM_1:1:104163866", "team": 3, "origin": {"x": -1552.00, "y": -1808.00, "z": -202.07}, "velocity": {"x": 0.00, "y": 0.00, "z": 0.00}, "view": {"x": 0.00, "y": 116.00, "z": 0.00}, "health": 100, "armor": 0, "helmet": 0}, "item": "hkp2000"}
{"timestamp": "2019-09-01 15:46:40", "event": "knife_item_pickup", "round": 1, "player": {"name": "𝐒𝐤𝐮𝐋𝐋", "userId": 12, "uniqueId": "STEAM_1:0:158915668", "team": 3, "origin": {"x": -1656.00, "y": -1800.00, "z": -202.70}, "velocity": {"x": 0.00, "y": 0.00, "z": 0.00}, "view": {"x": 0.00, "y": 94.00, "z": 0.00}, "health": 100, "armor": 0, "helmet": 0}, "item": "hkp2000"}
{"timestamp": "2019-09-01 15:46:40", "event": "knife_item_pickup", "round": 1, "player": {"name": "Hᴏғᴍᴀɴɴ", "userId": 13, "uniqueId": "STEAM_1:1:198763645", "team": 2, "origin": {"x": 1296.00, "y": -64.00, "z": -103.86}, "velocity": {"x": 0.00, "y": 0.00, "z": 0.00}, "view": {"x": 0.00, "y": 141.00, "z": 0.00}, "health": 100, "armor": 0, "helmet": 0}, "item": "c4"}
{"timestamp": "2019-09-01 15:46:40", "event": "knife_bomb_pickup", "round": 1, "player": {"name": "Hᴏғᴍᴀɴɴ", "userId": 13, "uniqueId": "STEAM_1:1:198763645", "team": 2, "origin": {"x": 1296.00, "y": -64.00, "z": -103.86}, "velocity": {"x": 0.00, "y": 0.00, "z": 0.00}, "view": {"x": 0.00, "y": 141.00, "z": 0.00}, "health": 100, "armor": 0, "helmet": 0}}
{"timestamp": "2019-09-01 15:46:40", "event": "knife_round_start", "freezeTime": 12}
{"timestamp": "2019-09-01 15:46:40", "event": "round_restart", "delay": 1}
{"timestamp": "2019-09-01 15:46:41", "event": "knife_item_pickup", "round": 1, "player": {"name": "swoot", "userId": 4, "uniqueId": "STEAM_1:1:104163866", "team": 3, "origin": {"x": -1902.00, "y": -1816.00, "z": -211.86}, "velocity": {"x": 0.00, "y": 0.00, "z": 0.00}, "view": {"x": 0.00, "y": 0.00, "z": 0.00}, "health": 100, "armor": 0, "helmet": 0}, "item": "hkp2000"}
{"timestamp": "2019-09-01 15:46:41", "event": "knife_item_pickup", "round": 1, "player": {"name": "Hᴏғᴍᴀɴɴ", "userId": 13, "uniqueId": "STEAM_1:1:198763645", "team": 2, "origin": {"x": 1296.00, "y": 32.00, "z": -103.86}, "velocity": {"x": 0.00, "y": 0.00, "z": 0.00}, "view": {"x": 0.00, "y": 141.00, "z": 0.00}, "health": 100, "armor": 0, "helmet": 0}, "item": "knife"}
{"timestamp": "2019-09-01 15:46:41", "event": "knife_item_pickup", "round": 1, "player": {"name": "Hᴏғᴍᴀɴɴ", "userId": 13, "uniqueId": "STEAM_1:1:198763645", "team": 2, "origin": {"x": 1296.00, "y": 32.00, "z": -103.86}, "velocity": {"x": 0.00, "y": 0.00, "z": 0.00}, "view": {"x": 0.00, "y": 141.00, "z": 0.00}, "health": 100, "armor": 0, "helmet": 0}, "item": "glock"}
{"timestamp": "2019-09-01 15:46:41", "event": "knife_item_pickup", "round": 1, "player": {"name": "eu n sou homi", "userId": 3, "uniqueId": "STEAM_1:0:192741652", "team": 3, "origin": {"x": -1608.00, "y": -1888.00, "z": -203.53}, "velocity": {"x": 0.00, "y": 0.00, "z": 0.00}, "view": {"x": 0.00, "y": 306.00, "z": 0.00}, "health": 100, "armor": 0, "helmet": 0}, "item": "hkp2000"}
{"timestamp": "2019-09-01 15:46:41", "event": "knife_item_pickup", "round": 1, "player": {"name": "𝐒𝐤𝐮𝐋𝐋", "userId": 12, "uniqueId": "STEAM_1:0:158915668", "team": 3, "origin": {"x": -1632.00, "y": -2072.00, "z": -199.64}, "velocity": {"x": 0.00, "y": 0.00, "z": 0.00}, "view": {"x": 0.00, "y": 270.00, "z": 0.00}, "health": 100, "armor": 0, "helmet": 0}, "item": "hkp2000"}
{"timestamp": "2019-09-01 15:46:41", "event": "knife_item_pickup", "round": 1, "player": {"name": "Hᴏғᴍᴀɴɴ", "userId": 13, "uniqueId": "STEAM_1:1:198763645", "team": 2, "origin": {"x": 1296.00, "y": 32.00, "z": -103.86}, "velocity": {"x": 0.00, "y": 0.00, "z": 0.00}, "view": {"x": 0.00, "y": 141.00, "z": 0.00}, "health": 100, "armor": 0, "helmet": 0}, "item": "c4"}
{"timestamp": "2019-09-01 15:46:41", "event": "knife_bomb_pickup", "round": 1, "player": {"name": "Hᴏғᴍᴀɴɴ", "userId": 13, "uniqueId": "STEAM_1:1:198763645", "team": 2, "origin": {"x": 1296.00, "y": 32.00, "z": -103.86}, "velocity": {"x": 0.00, "y": 0.00, "z": 0.00}, "view": {"x": 0.00, "y": 141.00, "z": 0.00}, "health": 100, "armor": 0, "helmet": 0}}
{"timestamp": "2019-09-01 15:46:41", "event": "knife_round_start", "freezeTime": 12}
{"timestamp": "2019-09-01 15:46:41", "event": "round_restart", "delay": 3}
{"timestamp": "2019-09-01 15:46:44", "event": "knife_item_pickup", "round": 1, "player": {"name": "𝐒𝐤𝐮𝐋𝐋", "userId": 12, "uniqueId": "STEAM_1:0:158915668", "team": 3, "origin": {"x": -1957.00, "y": -1898.00, "z": -224.35}, "velocity": {"x": 0.00, "y": 0.00, "z": 0.00}, "view": {"x": 0.00, "y": 0.00, "z": 0.00}, "health": 100, "armor": 0, "helmet": 0}, "item": "hkp2000"}
{"timestamp": "2019-09-01 15:46:44", "event": "knife_item_pickup", "round": 1, "player": {"name": "swoot", "userId": 4, "uniqueId": "STEAM_1:1:104163866", "team": 3, "origin": {"x": -1902.00, "y": -1976.00, "z": -211.86}, "velocity": {"x": 0.00, "y": 0.00, "z": 0.00}, "view": {"x": 0.00, "y": 0.00, "z": 0.00}, "health": 100, "armor": 0, "helmet": 0}, "item": "hkp2000"}
{"timestamp": "2019-09-01 15:46:44", "event": "knife_item_pickup", "round": 1, "player": {"name": "eu n sou homi", "userId": 3, "uniqueId": "STEAM_1:0:192741652", "team": 3, "origin": {"x": -1656.00, "y": -1976.00, "z": -204.56}, "velocity": {"x": 0.00, "y": 0.00, "z": 0.00}, "view": {"x": 0.00, "y": 299.00, "z": 0.00}, "health": 100, "armor": 0, "helmet": 0}, "item": "hkp2000"}
{"timestamp": "2019-09-01 15:46:44", "event": "knife_item_pickup", "round": 1, "player": {"name": "Hᴏғᴍᴀɴɴ", "userId": 13, "uniqueId": "STEAM_1:1:198763645", "team": 2, "origin": {"x": 1376.00, "y": -16.00, "z": -103.86}, "velocity": {"x": 0.00, "y": 0.00, "z": 0.00}, "view": {"x": 0.00, "y": 141.00, "z": 0.00}, "health": 100, "armor": 0, "helmet": 0}, "item": "knife"}
{"timestamp": "2019-09-01 15:46:44", "event": "knife_item_pickup", "round": 1, "player": {"name": "Hᴏғᴍᴀɴɴ", "userId": 13, "uniqueId": "STEAM_1:1:198763645", "team": 2, "origin": {"x": 1376.00, "y": -16.00, "z": -103.86}, "velocity": {"x": 0.00, "y": 0.00, "z": 0.00}, "view": {"x": 0.00, "y": 141.00, "z": 0.00}, "health": 100, "armor": 0, "helmet": 0}, "item": "glock"}
{"timestamp": "2019-09-01 15:46:44", "event": "knife_item_pickup", "round": 1, "player": {"name": "Hᴏғᴍᴀɴɴ", "userId": 13, "uniqueId": "STEAM_1:1:198763645", "team": 2, "origin": {"x": 1376.00, "y": -16.00, "z": -103.86}, "velocity": {"x": 0.00, "y": 0.00, "z": 0.00}, "view": {"x": 0.00, "y": 141.00, "z": 0.00}, "health": 100, "armor": 0, "helmet": 0}, "item": "c4"}
{"timestamp": "2019-09-01 15:46:44", "event": "knife_bomb_pickup", "round": 1, "player": {"name": "Hᴏғᴍᴀɴɴ", "userId": 13, "uniqueId": "STEAM_1:1:198763645", "team": 2, "origin": {"x": 1376.00, "y": -16.00, "z": -103.86}, "velocity": {"x": 0.00, "y": 0.00, "z": 0.00}, "view": {"x": 0.00, "y": 141.00, "z": 0.00}, "health": 100, "armor": 0, "helmet": 0}}
{"timestamp": "2019-09-01 15:46:44", "event": "knife_round_start", "freezeTime": 12}
{"timestamp": "2019-09-01 15:46:47", "event": "knife_player_say", "round": 1, "player": {"name": "eu n sou homi", "userId": 3, "uniqueId": "STEAM_1:0:192741652", "team": 3}, "message": "!admin", "teamOnly": 0}
{"timestamp": "2019-09-01 15:46:56", "event": "knife_round_freeze_end"}
