L 09/11/2019 - 09:10:06: SourceMod log file session started (file "L20190911.log") (Version "1.9.0.6281")
L 09/11/2019 - 09:10:06: -------- Mapchange to de_mirage --------
L 09/11/2019 - 09:10:06: [GEOIP] GeoIP database info: GEO-106FREE 20180327 Build 1 Copyright (c) 2018 MaxMind Inc All Rights Reserved
L 09/11/2019 - 09:10:08: [warmod.smx] Current Map: de_mirage, Warmod Version: 18.05.24.0924
L 09/11/2019 - 09:44:36: -------- Mapchange to de_mirage --------
L 09/11/2019 - 09:44:37: [warmod.smx] Current Map: de_mirage, Warmod Version: 18.05.24.0924
L 09/11/2019 - 09:44:37: [weapons.smx] SQLite DB connection successful
L 09/11/2019 - 09:44:37: [weapons.smx] Inactive players' data has been deleted
L 09/11/2019 - 09:57:10: -------- Mapchange to de_mirage --------
L 09/11/2019 - 09:57:12: [warmod.smx] Current Map: de_mirage, Warmod Version: 18.05.24.0924
L 09/11/2019 - 09:57:12: [weapons.smx] Inactive players' data has been deleted
L 09/11/2019 - 09:57:55: -------- Mapchange to de_mirage --------
L 09/11/2019 - 09:57:56: [warmod.smx] Current Map: de_mirage, Warmod Version: 18.05.24.0924
L 09/11/2019 - 09:57:56: [weapons.smx] Inactive players' data has been deleted
L 09/11/2019 - 10:01:23: -------- Mapchange to de_mirage --------
L 09/11/2019 - 10:01:24: [warmod.smx] Current Map: de_mirage, Warmod Version: 18.05.24.0924
L 09/11/2019 - 10:01:25: [weapons.smx] Inactive players' data has been deleted
L 09/11/2019 - 10:02:14: -------- Mapchange to de_mirage --------
L 09/11/2019 - 10:02:15: [warmod.smx] Current Map: de_mirage, Warmod Version: 18.05.24.0924
L 09/11/2019 - 10:02:15: [weapons.smx] Inactive players' data has been deleted
L 09/11/2019 - 10:03:40: -------- Mapchange to de_mirage --------
L 09/11/2019 - 10:03:41: [warmod.smx] Current Map: de_mirage, Warmod Version: 18.05.24.0924
L 09/11/2019 - 10:03:41: [weapons.smx] Inactive players' data has been deleted
L 09/11/2019 - 10:12:03: -------- Mapchange to de_mirage --------
L 09/11/2019 - 10:12:04: [warmod.smx] Current Map: de_mirage, Warmod Version: 18.05.24.0924
L 09/11/2019 - 10:12:04: [weapons.smx] Inactive players' data has been deleted
L 09/11/2019 - 10:17:26: -------- Mapchange to de_mirage --------
L 09/11/2019 - 10:17:27: [warmod.smx] Current Map: de_mirage, Warmod Version: 18.05.24.0924
L 09/11/2019 - 10:17:27: [weapons.smx] Inactive players' data has been deleted
L 09/11/2019 - 10:21:42: -------- Mapchange to de_mirage --------
L 09/11/2019 - 10:21:43: [warmod.smx] Current Map: de_mirage, Warmod Version: 18.05.24.0924
L 09/11/2019 - 10:21:43: [weapons.smx] Inactive players' data has been deleted
L 09/11/2019 - 10:41:40: -------- Mapchange to de_mirage --------
L 09/11/2019 - 10:41:41: [warmod.smx] Current Map: de_mirage, Warmod Version: 18.05.24.0924
L 09/11/2019 - 10:41:42: [weapons.smx] Inactive players' data has been deleted
L 09/11/2019 - 10:48:13: SourceMod log file session started (file "L20190911.log") (Version "1.9.0.6281")
L 09/11/2019 - 10:48:13: -------- Mapchange to de_mirage --------
L 09/11/2019 - 10:48:13: [GEOIP] GeoIP database info: GEO-106FREE 20180327 Build 1 Copyright (c) 2018 MaxMind Inc All Rights Reserved
L 09/11/2019 - 10:48:15: [warmod.smx] Current Map: de_mirage, Warmod Version: 18.05.24.0924
L 09/11/2019 - 10:48:25: SourceMod log file session started (file "L20190911.log") (Version "1.9.0.6281")
L 09/11/2019 - 10:48:25: -------- Mapchange to de_mirage --------
L 09/11/2019 - 10:48:25: [GEOIP] GeoIP database info: GEO-106FREE 20180327 Build 1 Copyright (c) 2018 MaxMind Inc All Rights Reserved
L 09/11/2019 - 10:48:27: [warmod.smx] Current Map: de_mirage, Warmod Version: 18.05.24.0924
L 09/11/2019 - 10:49:18: -------- Mapchange to de_mirage --------
L 09/11/2019 - 10:49:19: [warmod.smx] Current Map: de_mirage, Warmod Version: 18.05.24.0924
L 09/11/2019 - 10:49:19: [weapons.smx] SQLite DB connection successful
L 09/11/2019 - 10:49:19: [weapons.smx] Inactive players' data has been deleted
L 09/11/2019 - 16:15:21: -------- Mapchange to de_mirage --------
L 09/11/2019 - 16:15:22: [warmod.smx] Current Map: de_mirage, Warmod Version: 18.05.24.0924
L 09/11/2019 - 16:15:22: [weapons.smx] Inactive players' data has been deleted
L 09/11/2019 - 19:40:10: -------- Mapchange to de_mirage --------
L 09/11/2019 - 19:40:11: [warmod.smx] Current Map: de_mirage, Warmod Version: 18.05.24.0924
L 09/11/2019 - 19:40:11: [weapons.smx] Inactive players' data has been deleted
