L 08/27/2019 - 09:10:38: SourceMod log file session started (file "L20190827.log") (Version "1.9.0.6281")
L 08/27/2019 - 09:10:38: -------- Mapchange to de_mirage --------
L 08/27/2019 - 09:10:38: [GEOIP] GeoIP database info: GEO-106FREE 20180327 Build 1 Copyright (c) 2018 MaxMind Inc All Rights Reserved
L 08/27/2019 - 09:10:40: [warmod.smx] Current Map: de_mirage, Warmod Version: 18.05.24.0924
L 08/27/2019 - 09:10:55: [UPDATER] Successfully updated gamedata file "sm-cstrike.games/master.games.txt"
L 08/27/2019 - 09:10:55: [UPDATER] Successfully updated gamedata file "sm-cstrike.games/game.csgo.txt"
L 08/27/2019 - 09:10:55: [UPDATER] Successfully updated gamedata file "core.games/engine.l4d2.txt"
L 08/27/2019 - 09:10:55: [UPDATER] Successfully updated gamedata file "core.games/engine.ep2valve.txt"
L 08/27/2019 - 09:10:55: [UPDATER] Successfully updated gamedata file "core.games/engine.l4d.txt"
L 08/27/2019 - 09:10:55: [UPDATER] Successfully updated gamedata file "core.games/engine.ep1.txt"
L 08/27/2019 - 09:10:55: [UPDATER] Successfully updated gamedata file "core.games/engine.csgo.txt"
L 08/27/2019 - 09:10:55: [UPDATER] Successfully updated gamedata file "core.games/engine.sdk2013.txt"
L 08/27/2019 - 09:10:55: [UPDATER] Successfully updated gamedata file "core.games/engine.ep2.txt"
L 08/27/2019 - 09:10:55: [UPDATER] Successfully updated gamedata file "core.games/engine.contagion.txt"
L 08/27/2019 - 09:10:55: [UPDATER] Successfully updated gamedata file "core.games/engine.blade.txt"
L 08/27/2019 - 09:10:55: [UPDATER] Successfully updated gamedata file "core.games/engine.swarm.txt"
L 08/27/2019 - 09:10:55: [UPDATER] Successfully updated gamedata file "core.games/engine.darkm.txt"
L 08/27/2019 - 09:10:55: [UPDATER] Successfully updated gamedata file "core.games/engine.css.txt"
L 08/27/2019 - 09:10:55: [UPDATER] Successfully updated gamedata file "core.games/engine.bgt.txt"
L 08/27/2019 - 09:10:55: [UPDATER] Successfully updated gamedata file "core.games/game.dinodday.txt"
L 08/27/2019 - 09:10:55: [UPDATER] Successfully updated gamedata file "core.games/engine.eye.txt"
L 08/27/2019 - 09:10:55: [UPDATER] Successfully updated gamedata file "core.games/engine.insurgency.txt"
L 08/27/2019 - 09:10:55: [UPDATER] Successfully updated gamedata file "core.games/blacklist.plugins.txt"
L 08/27/2019 - 09:10:55: [UPDATER] Successfully updated gamedata file "core.games/common.games.txt"
L 08/27/2019 - 09:10:55: [UPDATER] Successfully updated gamedata file "funcommands.games.txt"
L 08/27/2019 - 09:10:55: [UPDATER] Successfully updated gamedata file "sdkhooks.games/game.fof.txt"
L 08/27/2019 - 09:10:55: [UPDATER] Successfully updated gamedata file "sdkhooks.games/game.pvkii.txt"
L 08/27/2019 - 09:10:55: [UPDATER] Successfully updated gamedata file "sdkhooks.games/game.hl2ctf.txt"
L 08/27/2019 - 09:10:55: [UPDATER] Successfully updated gamedata file "sdkhooks.games/game.bms.txt"
L 08/27/2019 - 09:10:55: [UPDATER] Successfully updated gamedata file "sdkhooks.games/common.games.txt"
L 08/27/2019 - 09:10:55: [UPDATER] Successfully updated gamedata file "sdktools.games/game.tf.txt"
L 08/27/2019 - 09:10:55: [UPDATER] Successfully updated gamedata file "sdktools.games/game.ios.txt"
L 08/27/2019 - 09:10:55: [UPDATER] Successfully updated gamedata file "sdktools.games/game.hl2ctf.txt"
L 08/27/2019 - 09:10:55: [UPDATER] Successfully updated gamedata file "sdktools.games/game.bms.txt"
L 08/27/2019 - 09:10:55: [UPDATER] Successfully updated gamedata file "sdktools.games/common.games.txt"
L 08/27/2019 - 09:10:55: [UPDATER] SourceMod has been updated, please reload it or restart your server.
L 08/27/2019 - 09:10:55: -------- Mapchange to de_mirage --------
L 08/27/2019 - 09:10:57: [warmod.smx] Current Map: de_mirage, Warmod Version: 18.05.24.0924
L 08/27/2019 - 09:10:57: [weapons.smx] SQLite DB connection successful
L 08/27/2019 - 09:10:57: [weapons.smx] Inactive players' data has been deleted
L 08/27/2019 - 09:16:39: [warmod.smx] "force_all_ready" (player "Fly ^v^<2><STEAM_1:1:192015750><>")
L 08/27/2019 - 09:16:56: [funcommands.smx] "Fly ^v^<2><STEAM_1:1:192015750><>" toggled noclip on "Fly ^v^<2><STEAM_1:1:192015750><>"
L 08/27/2019 - 09:17:25: [funcommands.smx] "Fly ^v^<2><STEAM_1:1:192015750><>" toggled noclip on "Fly ^v^<2><STEAM_1:1:192015750><>"
L 08/27/2019 - 11:28:00: -------- Mapchange to de_mirage --------
L 08/27/2019 - 11:28:02: [warmod.smx] Current Map: de_mirage, Warmod Version: 18.05.24.0924
L 08/27/2019 - 11:28:03: [weapons.smx] Inactive players' data has been deleted
L 08/27/2019 - 11:28:28: [warmod.smx] "knife_on_3" (player "Fly ^v^<14><STEAM_1:1:192015750><>")
L 08/27/2019 - 16:20:52: -------- Mapchange to de_mirage --------
L 08/27/2019 - 16:20:56: [warmod.smx] Current Map: de_mirage, Warmod Version: 18.05.24.0924
L 08/27/2019 - 16:20:57: [weapons.smx] Inactive players' data has been deleted
L 08/27/2019 - 17:59:15: -------- Mapchange to de_mirage --------
L 08/27/2019 - 17:59:17: [warmod.smx] Current Map: de_mirage, Warmod Version: 18.05.24.0924
L 08/27/2019 - 17:59:18: [weapons.smx] Inactive players' data has been deleted
L 08/27/2019 - 18:11:47: [funcommands.smx] "Fly ^v^<23><STEAM_1:1:192015750><>" ignited "f0rsaken<21><STEAM_1:0:495146685><>" (seconds "20.000000")
L 08/27/2019 - 18:12:06: [playercommands.smx] "Fly ^v^<23><STEAM_1:1:192015750><>" slapped "Pingo<22><STEAM_1:0:192741652><>" (damage "0")
L 08/27/2019 - 18:12:07: [playercommands.smx] "Fly ^v^<23><STEAM_1:1:192015750><>" slapped "Pingo<22><STEAM_1:0:192741652><>" (damage "0")
L 08/27/2019 - 18:12:07: [playercommands.smx] "Fly ^v^<23><STEAM_1:1:192015750><>" slapped "Pingo<22><STEAM_1:0:192741652><>" (damage "0")
L 08/27/2019 - 18:12:07: [playercommands.smx] "Fly ^v^<23><STEAM_1:1:192015750><>" slapped "Pingo<22><STEAM_1:0:192741652><>" (damage "0")
L 08/27/2019 - 18:12:07: [playercommands.smx] "Fly ^v^<23><STEAM_1:1:192015750><>" slapped "Pingo<22><STEAM_1:0:192741652><>" (damage "0")
L 08/27/2019 - 18:12:09: [playercommands.smx] "Fly ^v^<23><STEAM_1:1:192015750><>" slapped "Pingo<22><STEAM_1:0:192741652><>" (damage "0")
L 08/27/2019 - 18:12:10: [playercommands.smx] "Fly ^v^<23><STEAM_1:1:192015750><>" slapped "Pingo<22><STEAM_1:0:192741652><>" (damage "0")
L 08/27/2019 - 18:12:10: [playercommands.smx] "Fly ^v^<23><STEAM_1:1:192015750><>" slapped "Pingo<22><STEAM_1:0:192741652><>" (damage "0")
L 08/27/2019 - 18:12:10: [playercommands.smx] "Fly ^v^<23><STEAM_1:1:192015750><>" slapped "Pingo<22><STEAM_1:0:192741652><>" (damage "0")
L 08/27/2019 - 18:12:10: [playercommands.smx] "Fly ^v^<23><STEAM_1:1:192015750><>" slapped "Pingo<22><STEAM_1:0:192741652><>" (damage "0")
L 08/27/2019 - 18:12:10: [playercommands.smx] "Fly ^v^<23><STEAM_1:1:192015750><>" slapped "Pingo<22><STEAM_1:0:192741652><>" (damage "0")
L 08/27/2019 - 18:12:11: [playercommands.smx] "Fly ^v^<23><STEAM_1:1:192015750><>" slapped "Pingo<22><STEAM_1:0:192741652><>" (damage "0")
L 08/27/2019 - 18:12:11: [playercommands.smx] "Fly ^v^<23><STEAM_1:1:192015750><>" slapped "Pingo<22><STEAM_1:0:192741652><>" (damage "0")
L 08/27/2019 - 18:12:11: [playercommands.smx] "Fly ^v^<23><STEAM_1:1:192015750><>" slapped "Pingo<22><STEAM_1:0:192741652><>" (damage "0")
L 08/27/2019 - 18:12:11: [playercommands.smx] "Fly ^v^<23><STEAM_1:1:192015750><>" slapped "Pingo<22><STEAM_1:0:192741652><>" (damage "0")
L 08/27/2019 - 18:12:11: [playercommands.smx] "Fly ^v^<23><STEAM_1:1:192015750><>" slapped "Pingo<22><STEAM_1:0:192741652><>" (damage "0")
L 08/27/2019 - 18:12:11: [playercommands.smx] "Fly ^v^<23><STEAM_1:1:192015750><>" slapped "Pingo<22><STEAM_1:0:192741652><>" (damage "0")
L 08/27/2019 - 18:12:17: [playercommands.smx] "Fly ^v^<23><STEAM_1:1:192015750><>" slapped "Pingo<22><STEAM_1:0:192741652><>" (damage "0")
L 08/27/2019 - 18:12:19: [playercommands.smx] "Fly ^v^<23><STEAM_1:1:192015750><>" slapped "Pingo<22><STEAM_1:0:192741652><>" (damage "0")
L 08/27/2019 - 18:12:19: [playercommands.smx] "Fly ^v^<23><STEAM_1:1:192015750><>" slapped "Pingo<22><STEAM_1:0:192741652><>" (damage "0")
L 08/27/2019 - 18:12:19: [playercommands.smx] "Fly ^v^<23><STEAM_1:1:192015750><>" slapped "Pingo<22><STEAM_1:0:192741652><>" (damage "0")
L 08/27/2019 - 18:12:19: [playercommands.smx] "Fly ^v^<23><STEAM_1:1:192015750><>" slapped "Pingo<22><STEAM_1:0:192741652><>" (damage "0")
L 08/27/2019 - 18:12:19: [playercommands.smx] "Fly ^v^<23><STEAM_1:1:192015750><>" slapped "Pingo<22><STEAM_1:0:192741652><>" (damage "0")
L 08/27/2019 - 18:12:20: [playercommands.smx] "Fly ^v^<23><STEAM_1:1:192015750><>" slapped "Pingo<22><STEAM_1:0:192741652><>" (damage "0")
L 08/27/2019 - 18:12:20: [playercommands.smx] "Fly ^v^<23><STEAM_1:1:192015750><>" slapped "Pingo<22><STEAM_1:0:192741652><>" (damage "0")
L 08/27/2019 - 18:12:20: [playercommands.smx] "Fly ^v^<23><STEAM_1:1:192015750><>" slapped "Pingo<22><STEAM_1:0:192741652><>" (damage "0")
L 08/27/2019 - 18:12:20: [playercommands.smx] "Fly ^v^<23><STEAM_1:1:192015750><>" slapped "Pingo<22><STEAM_1:0:192741652><>" (damage "0")
L 08/27/2019 - 18:12:20: [playercommands.smx] "Fly ^v^<23><STEAM_1:1:192015750><>" slapped "Pingo<22><STEAM_1:0:192741652><>" (damage "0")
L 08/27/2019 - 18:12:21: [playercommands.smx] "Fly ^v^<23><STEAM_1:1:192015750><>" slapped "Pingo<22><STEAM_1:0:192741652><>" (damage "0")
L 08/27/2019 - 18:12:21: [playercommands.smx] "Fly ^v^<23><STEAM_1:1:192015750><>" slapped "Pingo<22><STEAM_1:0:192741652><>" (damage "0")
L 08/27/2019 - 18:12:21: [playercommands.smx] "Fly ^v^<23><STEAM_1:1:192015750><>" slapped "Pingo<22><STEAM_1:0:192741652><>" (damage "0")
L 08/27/2019 - 18:12:21: [playercommands.smx] "Fly ^v^<23><STEAM_1:1:192015750><>" slapped "Pingo<22><STEAM_1:0:192741652><>" (damage "0")
L 08/27/2019 - 18:12:21: [playercommands.smx] "Fly ^v^<23><STEAM_1:1:192015750><>" slapped "Pingo<22><STEAM_1:0:192741652><>" (damage "0")
L 08/27/2019 - 18:12:22: [playercommands.smx] "Fly ^v^<23><STEAM_1:1:192015750><>" slapped "Pingo<22><STEAM_1:0:192741652><>" (damage "0")
L 08/27/2019 - 18:12:22: [playercommands.smx] "Fly ^v^<23><STEAM_1:1:192015750><>" slapped "Pingo<22><STEAM_1:0:192741652><>" (damage "0")
L 08/27/2019 - 18:12:22: [playercommands.smx] "Fly ^v^<23><STEAM_1:1:192015750><>" slapped "Pingo<22><STEAM_1:0:192741652><>" (damage "0")
L 08/27/2019 - 18:12:22: [playercommands.smx] "Fly ^v^<23><STEAM_1:1:192015750><>" slapped "Pingo<22><STEAM_1:0:192741652><>" (damage "0")
L 08/27/2019 - 18:12:22: [playercommands.smx] "Fly ^v^<23><STEAM_1:1:192015750><>" slapped "Pingo<22><STEAM_1:0:192741652><>" (damage "0")
L 08/27/2019 - 18:12:22: [playercommands.smx] "Fly ^v^<23><STEAM_1:1:192015750><>" slapped "Pingo<22><STEAM_1:0:192741652><>" (damage "0")
L 08/27/2019 - 18:12:23: [playercommands.smx] "Fly ^v^<23><STEAM_1:1:192015750><>" slapped "Pingo<22><STEAM_1:0:192741652><>" (damage "0")
L 08/27/2019 - 18:12:25: [playercommands.smx] "Fly ^v^<23><STEAM_1:1:192015750><>" slapped "Pingo<22><STEAM_1:0:192741652><>" (damage "0")
L 08/27/2019 - 18:12:26: [playercommands.smx] "Fly ^v^<23><STEAM_1:1:192015750><>" slapped "f0rsaken<21><STEAM_1:0:495146685><>" (damage "0")
L 08/27/2019 - 18:12:26: [playercommands.smx] "Fly ^v^<23><STEAM_1:1:192015750><>" slapped "f0rsaken<21><STEAM_1:0:495146685><>" (damage "0")
L 08/27/2019 - 18:12:26: [playercommands.smx] "Fly ^v^<23><STEAM_1:1:192015750><>" slapped "f0rsaken<21><STEAM_1:0:495146685><>" (damage "0")
L 08/27/2019 - 18:12:27: [playercommands.smx] "Fly ^v^<23><STEAM_1:1:192015750><>" slapped "f0rsaken<21><STEAM_1:0:495146685><>" (damage "0")
L 08/27/2019 - 18:12:27: [playercommands.smx] "Fly ^v^<23><STEAM_1:1:192015750><>" slapped "f0rsaken<21><STEAM_1:0:495146685><>" (damage "0")
L 08/27/2019 - 18:12:27: [playercommands.smx] "Fly ^v^<23><STEAM_1:1:192015750><>" slapped "f0rsaken<21><STEAM_1:0:495146685><>" (damage "0")
L 08/27/2019 - 18:12:27: [playercommands.smx] "Fly ^v^<23><STEAM_1:1:192015750><>" slapped "f0rsaken<21><STEAM_1:0:495146685><>" (damage "0")
L 08/27/2019 - 18:12:27: [playercommands.smx] "Fly ^v^<23><STEAM_1:1:192015750><>" slapped "f0rsaken<21><STEAM_1:0:495146685><>" (damage "0")
L 08/27/2019 - 18:12:27: [playercommands.smx] "Fly ^v^<23><STEAM_1:1:192015750><>" slapped "f0rsaken<21><STEAM_1:0:495146685><>" (damage "0")
L 08/27/2019 - 18:12:28: [playercommands.smx] "Fly ^v^<23><STEAM_1:1:192015750><>" slapped "f0rsaken<21><STEAM_1:0:495146685><>" (damage "0")
L 08/27/2019 - 18:12:28: [playercommands.smx] "Fly ^v^<23><STEAM_1:1:192015750><>" slapped "f0rsaken<21><STEAM_1:0:495146685><>" (damage "0")
L 08/27/2019 - 18:12:28: [playercommands.smx] "Fly ^v^<23><STEAM_1:1:192015750><>" slapped "f0rsaken<21><STEAM_1:0:495146685><>" (damage "0")
L 08/27/2019 - 18:12:28: [playercommands.smx] "Fly ^v^<23><STEAM_1:1:192015750><>" slapped "f0rsaken<21><STEAM_1:0:495146685><>" (damage "0")
L 08/27/2019 - 18:12:28: [playercommands.smx] "Fly ^v^<23><STEAM_1:1:192015750><>" slapped "f0rsaken<21><STEAM_1:0:495146685><>" (damage "0")
L 08/27/2019 - 18:12:29: [playercommands.smx] "Fly ^v^<23><STEAM_1:1:192015750><>" slapped "f0rsaken<21><STEAM_1:0:495146685><>" (damage "0")
L 08/27/2019 - 18:12:29: [playercommands.smx] "Fly ^v^<23><STEAM_1:1:192015750><>" slapped "f0rsaken<21><STEAM_1:0:495146685><>" (damage "0")
L 08/27/2019 - 18:12:29: [playercommands.smx] "Fly ^v^<23><STEAM_1:1:192015750><>" slapped "f0rsaken<21><STEAM_1:0:495146685><>" (damage "0")
L 08/27/2019 - 18:12:29: [playercommands.smx] "Fly ^v^<23><STEAM_1:1:192015750><>" slapped "f0rsaken<21><STEAM_1:0:495146685><>" (damage "0")
L 08/27/2019 - 18:12:29: [playercommands.smx] "Fly ^v^<23><STEAM_1:1:192015750><>" slapped "f0rsaken<21><STEAM_1:0:495146685><>" (damage "0")
L 08/27/2019 - 18:12:29: [playercommands.smx] "Fly ^v^<23><STEAM_1:1:192015750><>" slapped "f0rsaken<21><STEAM_1:0:495146685><>" (damage "0")
L 08/27/2019 - 18:12:29: [playercommands.smx] "Fly ^v^<23><STEAM_1:1:192015750><>" slapped "f0rsaken<21><STEAM_1:0:495146685><>" (damage "0")
L 08/27/2019 - 18:12:30: [playercommands.smx] "Fly ^v^<23><STEAM_1:1:192015750><>" slapped "f0rsaken<21><STEAM_1:0:495146685><>" (damage "0")
L 08/27/2019 - 18:12:30: [playercommands.smx] "Fly ^v^<23><STEAM_1:1:192015750><>" slapped "f0rsaken<21><STEAM_1:0:495146685><>" (damage "0")
L 08/27/2019 - 18:12:30: [playercommands.smx] "Fly ^v^<23><STEAM_1:1:192015750><>" slapped "f0rsaken<21><STEAM_1:0:495146685><>" (damage "0")
L 08/27/2019 - 18:12:30: [playercommands.smx] "Fly ^v^<23><STEAM_1:1:192015750><>" slapped "f0rsaken<21><STEAM_1:0:495146685><>" (damage "0")
L 08/27/2019 - 18:12:30: [playercommands.smx] "Fly ^v^<23><STEAM_1:1:192015750><>" slapped "f0rsaken<21><STEAM_1:0:495146685><>" (damage "0")
L 08/27/2019 - 18:12:30: [playercommands.smx] "Fly ^v^<23><STEAM_1:1:192015750><>" slapped "f0rsaken<21><STEAM_1:0:495146685><>" (damage "0")
L 08/27/2019 - 18:12:31: [playercommands.smx] "Fly ^v^<23><STEAM_1:1:192015750><>" slapped "f0rsaken<21><STEAM_1:0:495146685><>" (damage "0")
L 08/27/2019 - 18:12:31: [playercommands.smx] "Fly ^v^<23><STEAM_1:1:192015750><>" slapped "f0rsaken<21><STEAM_1:0:495146685><>" (damage "0")
L 08/27/2019 - 18:12:31: [playercommands.smx] "Fly ^v^<23><STEAM_1:1:192015750><>" slapped "f0rsaken<21><STEAM_1:0:495146685><>" (damage "0")
L 08/27/2019 - 18:12:31: [playercommands.smx] "Fly ^v^<23><STEAM_1:1:192015750><>" slapped "f0rsaken<21><STEAM_1:0:495146685><>" (damage "0")
L 08/27/2019 - 18:12:31: [playercommands.smx] "Fly ^v^<23><STEAM_1:1:192015750><>" slapped "f0rsaken<21><STEAM_1:0:495146685><>" (damage "0")
L 08/27/2019 - 18:12:32: [playercommands.smx] "Fly ^v^<23><STEAM_1:1:192015750><>" slapped "Pingo<22><STEAM_1:0:192741652><>" (damage "0")
L 08/27/2019 - 18:12:32: [playercommands.smx] "Fly ^v^<23><STEAM_1:1:192015750><>" slapped "f0rsaken<21><STEAM_1:0:495146685><>" (damage "0")
L 08/27/2019 - 18:12:32: [playercommands.smx] "Fly ^v^<23><STEAM_1:1:192015750><>" slapped "Pingo<22><STEAM_1:0:192741652><>" (damage "0")
L 08/27/2019 - 18:12:32: [playercommands.smx] "Fly ^v^<23><STEAM_1:1:192015750><>" slapped "f0rsaken<21><STEAM_1:0:495146685><>" (damage "0")
L 08/27/2019 - 18:12:32: [playercommands.smx] "Fly ^v^<23><STEAM_1:1:192015750><>" slapped "f0rsaken<21><STEAM_1:0:495146685><>" (damage "0")
L 08/27/2019 - 18:12:33: [playercommands.smx] "Fly ^v^<23><STEAM_1:1:192015750><>" slapped "f0rsaken<21><STEAM_1:0:495146685><>" (damage "0")
L 08/27/2019 - 18:12:33: [playercommands.smx] "Fly ^v^<23><STEAM_1:1:192015750><>" slapped "Pingo<22><STEAM_1:0:192741652><>" (damage "0")
L 08/27/2019 - 18:12:33: [playercommands.smx] "Fly ^v^<23><STEAM_1:1:192015750><>" slapped "Pingo<22><STEAM_1:0:192741652><>" (damage "0")
L 08/27/2019 - 18:12:33: [playercommands.smx] "Fly ^v^<23><STEAM_1:1:192015750><>" slapped "Pingo<22><STEAM_1:0:192741652><>" (damage "0")
L 08/27/2019 - 18:12:33: [playercommands.smx] "Fly ^v^<23><STEAM_1:1:192015750><>" slapped "f0rsaken<21><STEAM_1:0:495146685><>" (damage "0")
L 08/27/2019 - 18:12:33: [playercommands.smx] "Fly ^v^<23><STEAM_1:1:192015750><>" slapped "f0rsaken<21><STEAM_1:0:495146685><>" (damage "0")
L 08/27/2019 - 18:12:34: [playercommands.smx] "Fly ^v^<23><STEAM_1:1:192015750><>" slapped "f0rsaken<21><STEAM_1:0:495146685><>" (damage "0")
L 08/27/2019 - 18:12:34: [playercommands.smx] "Fly ^v^<23><STEAM_1:1:192015750><>" slapped "f0rsaken<21><STEAM_1:0:495146685><>" (damage "0")
L 08/27/2019 - 18:12:34: [playercommands.smx] "Fly ^v^<23><STEAM_1:1:192015750><>" slapped "Pingo<22><STEAM_1:0:192741652><>" (damage "0")
L 08/27/2019 - 18:12:34: [playercommands.smx] "Fly ^v^<23><STEAM_1:1:192015750><>" slapped "Pingo<22><STEAM_1:0:192741652><>" (damage "0")
L 08/27/2019 - 18:12:34: [playercommands.smx] "Fly ^v^<23><STEAM_1:1:192015750><>" slapped "Pingo<22><STEAM_1:0:192741652><>" (damage "0")
L 08/27/2019 - 18:12:34: [playercommands.smx] "Fly ^v^<23><STEAM_1:1:192015750><>" slapped "Pingo<22><STEAM_1:0:192741652><>" (damage "0")
L 08/27/2019 - 18:12:35: [playercommands.smx] "Fly ^v^<23><STEAM_1:1:192015750><>" slapped "f0rsaken<21><STEAM_1:0:495146685><>" (damage "0")
L 08/27/2019 - 18:12:35: [playercommands.smx] "Fly ^v^<23><STEAM_1:1:192015750><>" slapped "Pingo<22><STEAM_1:0:192741652><>" (damage "0")
L 08/27/2019 - 18:12:35: [playercommands.smx] "Fly ^v^<23><STEAM_1:1:192015750><>" slapped "Pingo<22><STEAM_1:0:192741652><>" (damage "0")
L 08/27/2019 - 18:12:35: [playercommands.smx] "Fly ^v^<23><STEAM_1:1:192015750><>" slapped "f0rsaken<21><STEAM_1:0:495146685><>" (damage "0")
L 08/27/2019 - 18:12:35: [playercommands.smx] "Fly ^v^<23><STEAM_1:1:192015750><>" slapped "f0rsaken<21><STEAM_1:0:495146685><>" (damage "0")
L 08/27/2019 - 18:12:36: [playercommands.smx] "Fly ^v^<23><STEAM_1:1:192015750><>" slapped "f0rsaken<21><STEAM_1:0:495146685><>" (damage "0")
L 08/27/2019 - 18:12:36: [playercommands.smx] "Fly ^v^<23><STEAM_1:1:192015750><>" slapped "f0rsaken<21><STEAM_1:0:495146685><>" (damage "0")
L 08/27/2019 - 18:12:36: [playercommands.smx] "Fly ^v^<23><STEAM_1:1:192015750><>" slapped "f0rsaken<21><STEAM_1:0:495146685><>" (damage "0")
L 08/27/2019 - 18:12:36: [playercommands.smx] "Fly ^v^<23><STEAM_1:1:192015750><>" slapped "f0rsaken<21><STEAM_1:0:495146685><>" (damage "0")
L 08/27/2019 - 18:12:36: [playercommands.smx] "Fly ^v^<23><STEAM_1:1:192015750><>" slapped "f0rsaken<21><STEAM_1:0:495146685><>" (damage "0")
L 08/27/2019 - 18:12:36: [playercommands.smx] "Fly ^v^<23><STEAM_1:1:192015750><>" slapped "Pingo<22><STEAM_1:0:192741652><>" (damage "0")
L 08/27/2019 - 18:12:37: [playercommands.smx] "Fly ^v^<23><STEAM_1:1:192015750><>" slapped "f0rsaken<21><STEAM_1:0:495146685><>" (damage "0")
L 08/27/2019 - 18:12:37: [playercommands.smx] "Fly ^v^<23><STEAM_1:1:192015750><>" slapped "f0rsaken<21><STEAM_1:0:495146685><>" (damage "0")
L 08/27/2019 - 18:12:37: [playercommands.smx] "Fly ^v^<23><STEAM_1:1:192015750><>" slapped "f0rsaken<21><STEAM_1:0:495146685><>" (damage "0")
L 08/27/2019 - 18:12:38: [playercommands.smx] "Fly ^v^<23><STEAM_1:1:192015750><>" slapped "f0rsaken<21><STEAM_1:0:495146685><>" (damage "0")
L 08/27/2019 - 18:12:38: [playercommands.smx] "Fly ^v^<23><STEAM_1:1:192015750><>" slapped "f0rsaken<21><STEAM_1:0:495146685><>" (damage "0")
L 08/27/2019 - 18:12:38: [playercommands.smx] "Fly ^v^<23><STEAM_1:1:192015750><>" slapped "f0rsaken<21><STEAM_1:0:495146685><>" (damage "0")
L 08/27/2019 - 18:12:38: [playercommands.smx] "Fly ^v^<23><STEAM_1:1:192015750><>" slapped "f0rsaken<21><STEAM_1:0:495146685><>" (damage "0")
L 08/27/2019 - 18:12:38: [playercommands.smx] "Fly ^v^<23><STEAM_1:1:192015750><>" slapped "f0rsaken<21><STEAM_1:0:495146685><>" (damage "0")
L 08/27/2019 - 18:12:39: [playercommands.smx] "Fly ^v^<23><STEAM_1:1:192015750><>" slapped "f0rsaken<21><STEAM_1:0:495146685><>" (damage "0")
L 08/27/2019 - 18:12:39: [playercommands.smx] "Fly ^v^<23><STEAM_1:1:192015750><>" slapped "Pingo<22><STEAM_1:0:192741652><>" (damage "0")
L 08/27/2019 - 18:12:47: [funcommands.smx] "Fly ^v^<23><STEAM_1:1:192015750><>" toggled noclip on "Fly ^v^<23><STEAM_1:1:192015750><>"
L 08/27/2019 - 18:16:07: [basecommands.smx] "Console<0><Console><Console>" refreshed the admin cache.
L 08/27/2019 - 18:18:07: [funcommands.smx] "Fly ^v^<23><STEAM_1:1:192015750><>" toggled noclip on "Fly ^v^<23><STEAM_1:1:192015750><>"
