L 09/16/2019 - 06:49:32: SourceMod log file session started (file "L20190916.log") (Version "1.9.0.6281")
L 09/16/2019 - 06:49:32: -------- Mapchange to de_dust2 --------
L 09/16/2019 - 06:49:34: [warmod.smx] Current Map: de_dust2, Warmod Version: 18.05.24.0924
L 09/16/2019 - 06:49:34: [weapons.smx] Inactive players' data has been deleted
L 09/16/2019 - 07:09:25: -------- Mapchange to de_dust2 --------
L 09/16/2019 - 07:09:26: [warmod.smx] Current Map: de_dust2, Warmod Version: 18.05.24.0924
L 09/16/2019 - 07:09:27: [weapons.smx] Inactive players' data has been deleted
L 09/16/2019 - 09:17:45: -------- Mapchange to de_dust2 --------
L 09/16/2019 - 09:17:46: [warmod.smx] Current Map: de_dust2, Warmod Version: 18.05.24.0924
L 09/16/2019 - 09:17:46: [weapons.smx] Inactive players' data has been deleted
L 09/16/2019 - 10:38:34: -------- Mapchange to de_dust2 --------
L 09/16/2019 - 10:38:35: [warmod.smx] Current Map: de_dust2, Warmod Version: 18.05.24.0924
L 09/16/2019 - 10:38:36: [weapons.smx] Inactive players' data has been deleted
L 09/16/2019 - 12:41:42: -------- Mapchange to de_dust2 --------
L 09/16/2019 - 12:41:43: [warmod.smx] Current Map: de_dust2, Warmod Version: 18.05.24.0924
L 09/16/2019 - 12:41:44: [weapons.smx] Inactive players' data has been deleted
L 09/16/2019 - 13:08:49: [warmod.smx] "force_start" (player "Pingo<265><STEAM_1:0:192741652><>")
L 09/16/2019 - 13:32:18: [SM] Changed map to "de_dust"
L 09/16/2019 - 13:32:21: -------- Mapchange to de_dust2 --------
L 09/16/2019 - 13:32:22: [warmod.smx] Current Map: de_dust2, Warmod Version: 18.05.24.0924
L 09/16/2019 - 13:32:22: [weapons.smx] Inactive players' data has been deleted
L 09/16/2019 - 13:40:45: -------- Mapchange to de_dust2 --------
L 09/16/2019 - 13:40:46: [warmod.smx] Current Map: de_dust2, Warmod Version: 18.05.24.0924
L 09/16/2019 - 13:40:47: [weapons.smx] Inactive players' data has been deleted
L 09/16/2019 - 14:44:37: -------- Mapchange to de_dust2 --------
L 09/16/2019 - 14:44:38: [warmod.smx] Current Map: de_dust2, Warmod Version: 18.05.24.0924
L 09/16/2019 - 14:44:39: [weapons.smx] Inactive players' data has been deleted
L 09/16/2019 - 14:58:54: -------- Mapchange to de_dust2 --------
L 09/16/2019 - 14:58:56: [warmod.smx] Current Map: de_dust2, Warmod Version: 18.05.24.0924
L 09/16/2019 - 14:58:56: [weapons.smx] Inactive players' data has been deleted
L 09/16/2019 - 15:08:09: -------- Mapchange to de_dust2 --------
L 09/16/2019 - 15:08:11: [warmod.smx] Current Map: de_dust2, Warmod Version: 18.05.24.0924
L 09/16/2019 - 15:08:11: [weapons.smx] Inactive players' data has been deleted
L 09/16/2019 - 15:23:01: -------- Mapchange to de_dust2 --------
L 09/16/2019 - 15:23:02: [warmod.smx] Current Map: de_dust2, Warmod Version: 18.05.24.0924
L 09/16/2019 - 15:23:02: [weapons.smx] Inactive players' data has been deleted
L 09/16/2019 - 16:50:58: -------- Mapchange to de_dust2 --------
L 09/16/2019 - 16:51:00: [warmod.smx] Current Map: de_dust2, Warmod Version: 18.05.24.0924
L 09/16/2019 - 16:51:00: [weapons.smx] Inactive players' data has been deleted
L 09/16/2019 - 18:25:18: -------- Mapchange to de_dust2 --------
L 09/16/2019 - 18:25:20: [warmod.smx] Current Map: de_dust2, Warmod Version: 18.05.24.0924
L 09/16/2019 - 18:25:22: [weapons.smx] Inactive players' data has been deleted
L 09/16/2019 - 18:31:05: -------- Mapchange to de_dust2 --------
L 09/16/2019 - 18:31:06: [warmod.smx] Current Map: de_dust2, Warmod Version: 18.05.24.0924
L 09/16/2019 - 18:31:07: [weapons.smx] Inactive players' data has been deleted
