L 09/09/2019 - 01:21:45: SourceMod log file session started (file "L20190909.log") (Version "1.9.0.6281")
L 09/09/2019 - 01:21:45: -------- Mapchange to de_dust2 --------
L 09/09/2019 - 01:21:48: [warmod.smx] Current Map: de_dust2, Warmod Version: 18.05.24.0924
L 09/09/2019 - 01:21:49: [weapons.smx] Inactive players' data has been deleted
L 09/09/2019 - 15:15:31: -------- Mapchange to de_dust2 --------
L 09/09/2019 - 15:15:33: [warmod.smx] Current Map: de_dust2, Warmod Version: 18.05.24.0924
L 09/09/2019 - 15:15:33: [weapons.smx] Inactive players' data has been deleted
L 09/09/2019 - 16:49:24: -------- Mapchange to de_dust2 --------
L 09/09/2019 - 16:49:26: [warmod.smx] Current Map: de_dust2, Warmod Version: 18.05.24.0924
L 09/09/2019 - 16:49:27: [weapons.smx] Inactive players' data has been deleted
L 09/09/2019 - 17:32:11: -------- Mapchange to de_dust2 --------
L 09/09/2019 - 17:32:13: [warmod.smx] Current Map: de_dust2, Warmod Version: 18.05.24.0924
L 09/09/2019 - 17:32:14: [weapons.smx] Inactive players' data has been deleted
L 09/09/2019 - 19:10:34: -------- Mapchange to de_dust2 --------
L 09/09/2019 - 19:10:37: [warmod.smx] Current Map: de_dust2, Warmod Version: 18.05.24.0924
L 09/09/2019 - 19:10:38: [weapons.smx] Inactive players' data has been deleted
L 09/09/2019 - 20:18:22: -------- Mapchange to de_dust2 --------
L 09/09/2019 - 20:18:24: [warmod.smx] Current Map: de_dust2, Warmod Version: 18.05.24.0924
L 09/09/2019 - 20:18:25: [weapons.smx] Inactive players' data has been deleted
L 09/09/2019 - 20:20:25: [warmod.smx] "force_all_ready" (player "Pingo<47><STEAM_1:0:192741652><>")
L 09/09/2019 - 20:20:58: [warmod.smx] "force_start" (player "Pingo<47><STEAM_1:0:192741652><>")
L 09/09/2019 - 20:47:33: [SM] Changed map to "de_dust"
L 09/09/2019 - 20:47:35: -------- Mapchange to de_dust2 --------
L 09/09/2019 - 20:47:37: [warmod.smx] Current Map: de_dust2, Warmod Version: 18.05.24.0924
L 09/09/2019 - 20:47:37: [weapons.smx] Inactive players' data has been deleted
L 09/09/2019 - 21:05:42: -------- Mapchange to de_dust2 --------
L 09/09/2019 - 21:05:44: [warmod.smx] Current Map: de_dust2, Warmod Version: 18.05.24.0924
L 09/09/2019 - 21:05:46: [weapons.smx] Inactive players' data has been deleted
