L 09/15/2019 - 06:24:15: SourceMod log file session started (file "L20190915.log") (Version "1.9.0.6281")
L 09/15/2019 - 06:24:15: -------- Mapchange to de_mirage --------
L 09/15/2019 - 06:24:17: [warmod.smx] Current Map: de_mirage, Warmod Version: 18.05.24.0924
L 09/15/2019 - 06:24:17: [weapons.smx] Inactive players' data has been deleted
L 09/15/2019 - 08:02:57: -------- Mapchange to de_mirage --------
L 09/15/2019 - 08:02:59: [warmod.smx] Current Map: de_mirage, Warmod Version: 18.05.24.0924
L 09/15/2019 - 08:03:00: [weapons.smx] Inactive players' data has been deleted
L 09/15/2019 - 09:49:55: -------- Mapchange to de_mirage --------
L 09/15/2019 - 09:49:57: [warmod.smx] Current Map: de_mirage, Warmod Version: 18.05.24.0924
L 09/15/2019 - 09:49:58: [weapons.smx] Inactive players' data has been deleted
L 09/15/2019 - 10:34:54: -------- Mapchange to de_mirage --------
L 09/15/2019 - 10:34:57: [warmod.smx] Current Map: de_mirage, Warmod Version: 18.05.24.0924
L 09/15/2019 - 10:34:58: [weapons.smx] Inactive players' data has been deleted
L 09/15/2019 - 13:50:36: [SM] Changed map to "de_dust"
L 09/15/2019 - 13:50:38: -------- Mapchange to de_dust2 --------
L 09/15/2019 - 13:50:40: [warmod.smx] Current Map: de_dust2, Warmod Version: 18.05.24.0924
L 09/15/2019 - 13:50:40: [weapons.smx] Inactive players' data has been deleted
L 09/15/2019 - 15:07:14: -------- Mapchange to de_dust2 --------
L 09/15/2019 - 15:07:15: [warmod.smx] Current Map: de_dust2, Warmod Version: 18.05.24.0924
L 09/15/2019 - 15:07:16: [weapons.smx] Inactive players' data has been deleted
L 09/15/2019 - 15:28:17: -------- Mapchange to de_dust2 --------
L 09/15/2019 - 15:28:18: [warmod.smx] Current Map: de_dust2, Warmod Version: 18.05.24.0924
L 09/15/2019 - 15:28:19: [weapons.smx] Inactive players' data has been deleted
L 09/15/2019 - 16:35:20: [SM] Changed map to "de_dust"
L 09/15/2019 - 16:35:23: -------- Mapchange to de_dust2 --------
L 09/15/2019 - 16:35:24: [warmod.smx] Current Map: de_dust2, Warmod Version: 18.05.24.0924
L 09/15/2019 - 16:35:24: [weapons.smx] Inactive players' data has been deleted
L 09/15/2019 - 17:01:39: -------- Mapchange to de_dust2 --------
L 09/15/2019 - 17:01:41: [warmod.smx] Current Map: de_dust2, Warmod Version: 18.05.24.0924
L 09/15/2019 - 17:01:41: [weapons.smx] Inactive players' data has been deleted
L 09/15/2019 - 20:53:31: -------- Mapchange to de_dust2 --------
L 09/15/2019 - 20:53:35: [warmod.smx] Current Map: de_dust2, Warmod Version: 18.05.24.0924
L 09/15/2019 - 20:53:35: [weapons.smx] Inactive players' data has been deleted
L 09/15/2019 - 22:17:01: -------- Mapchange to de_dust2 --------
L 09/15/2019 - 22:17:03: [warmod.smx] Current Map: de_dust2, Warmod Version: 18.05.24.0924
L 09/15/2019 - 22:17:04: [weapons.smx] Inactive players' data has been deleted
