L 08/29/2019 - 19:25:14: SourceMod log file session started (file "L20190829.log") (Version "1.9.0.6281")
L 08/29/2019 - 19:25:14: -------- Mapchange to de_mirage --------
L 08/29/2019 - 19:25:14: [GEOIP] GeoIP database info: GEO-106FREE 20180327 Build 1 Copyright (c) 2018 MaxMind Inc All Rights Reserved
L 08/29/2019 - 19:25:17: [warmod.smx] Current Map: de_mirage, Warmod Version: 18.05.24.0924
L 08/29/2019 - 19:26:32: [UPDATER] Successfully updated gamedata file "sm-cstrike.games/master.games.txt"
L 08/29/2019 - 19:26:32: [UPDATER] Successfully updated gamedata file "sm-cstrike.games/game.csgo.txt"
L 08/29/2019 - 19:26:32: [UPDATER] Successfully updated gamedata file "core.games/engine.l4d2.txt"
L 08/29/2019 - 19:26:32: [UPDATER] Successfully updated gamedata file "core.games/engine.ep2valve.txt"
L 08/29/2019 - 19:26:32: [UPDATER] Successfully updated gamedata file "core.games/engine.l4d.txt"
L 08/29/2019 - 19:26:32: [UPDATER] Successfully updated gamedata file "core.games/engine.ep1.txt"
L 08/29/2019 - 19:26:32: [UPDATER] Successfully updated gamedata file "core.games/engine.csgo.txt"
L 08/29/2019 - 19:26:32: [UPDATER] Successfully updated gamedata file "core.games/engine.sdk2013.txt"
L 08/29/2019 - 19:26:32: [UPDATER] Successfully updated gamedata file "core.games/engine.ep2.txt"
L 08/29/2019 - 19:26:32: [UPDATER] Successfully updated gamedata file "core.games/engine.contagion.txt"
L 08/29/2019 - 19:26:32: [UPDATER] Successfully updated gamedata file "core.games/engine.blade.txt"
L 08/29/2019 - 19:26:32: [UPDATER] Successfully updated gamedata file "core.games/engine.swarm.txt"
L 08/29/2019 - 19:26:32: [UPDATER] Successfully updated gamedata file "core.games/engine.darkm.txt"
L 08/29/2019 - 19:26:32: [UPDATER] Successfully updated gamedata file "core.games/engine.css.txt"
L 08/29/2019 - 19:26:32: [UPDATER] Successfully updated gamedata file "core.games/engine.bgt.txt"
L 08/29/2019 - 19:26:32: [UPDATER] Successfully updated gamedata file "core.games/game.dinodday.txt"
L 08/29/2019 - 19:26:32: [UPDATER] Successfully updated gamedata file "core.games/engine.eye.txt"
L 08/29/2019 - 19:26:32: [UPDATER] Successfully updated gamedata file "core.games/engine.insurgency.txt"
L 08/29/2019 - 19:26:32: [UPDATER] Successfully updated gamedata file "core.games/blacklist.plugins.txt"
L 08/29/2019 - 19:26:32: [UPDATER] Successfully updated gamedata file "core.games/common.games.txt"
L 08/29/2019 - 19:26:32: [UPDATER] Successfully updated gamedata file "funcommands.games.txt"
L 08/29/2019 - 19:26:32: [UPDATER] Successfully updated gamedata file "sdkhooks.games/game.fof.txt"
L 08/29/2019 - 19:26:32: [UPDATER] Successfully updated gamedata file "sdkhooks.games/game.pvkii.txt"
L 08/29/2019 - 19:26:32: [UPDATER] Successfully updated gamedata file "sdkhooks.games/game.hl2ctf.txt"
L 08/29/2019 - 19:26:32: [UPDATER] Successfully updated gamedata file "sdkhooks.games/game.bms.txt"
L 08/29/2019 - 19:26:32: [UPDATER] Successfully updated gamedata file "sdkhooks.games/common.games.txt"
L 08/29/2019 - 19:26:32: [UPDATER] Successfully updated gamedata file "sdktools.games/game.tf.txt"
L 08/29/2019 - 19:26:32: [UPDATER] Successfully updated gamedata file "sdktools.games/game.ios.txt"
L 08/29/2019 - 19:26:32: [UPDATER] Successfully updated gamedata file "sdktools.games/game.hl2ctf.txt"
L 08/29/2019 - 19:26:32: [UPDATER] Successfully updated gamedata file "sdktools.games/game.bms.txt"
L 08/29/2019 - 19:26:32: [UPDATER] Successfully updated gamedata file "sdktools.games/common.games.txt"
L 08/29/2019 - 19:26:32: [UPDATER] SourceMod has been updated, please reload it or restart your server.
L 08/29/2019 - 19:26:32: -------- Mapchange to de_mirage --------
L 08/29/2019 - 19:26:34: [warmod.smx] Current Map: de_mirage, Warmod Version: 18.05.24.0924
L 08/29/2019 - 19:26:34: [weapons.smx] SQLite DB connection successful
L 08/29/2019 - 19:26:34: [weapons.smx] Inactive players' data has been deleted
L 08/29/2019 - 19:50:39: -------- Mapchange to de_mirage --------
L 08/29/2019 - 19:50:40: [warmod.smx] Current Map: de_mirage, Warmod Version: 18.05.24.0924
L 08/29/2019 - 19:50:40: [weapons.smx] Inactive players' data has been deleted
