L 09/10/2019 - 15:21:01: SourceMod log file session started (file "L20190910.log") (Version "1.9.0.6281")
L 09/10/2019 - 15:21:01: -------- Mapchange to de_mirage --------
L 09/10/2019 - 15:21:01: [GEOIP] GeoIP database info: GEO-106FREE 20180327 Build 1 Copyright (c) 2018 MaxMind Inc All Rights Reserved
L 09/10/2019 - 15:21:03: [warmod.smx] Current Map: de_mirage, Warmod Version: 18.05.24.0924
L 09/10/2019 - 16:43:05: -------- Mapchange to de_mirage --------
L 09/10/2019 - 16:43:06: [warmod.smx] Current Map: de_mirage, Warmod Version: 18.05.24.0924
L 09/10/2019 - 16:43:07: [weapons.smx] SQLite DB connection successful
L 09/10/2019 - 16:43:07: [weapons.smx] Inactive players' data has been deleted
L 09/10/2019 - 17:05:17: -------- Mapchange to de_mirage --------
L 09/10/2019 - 17:05:19: [warmod.smx] Current Map: de_mirage, Warmod Version: 18.05.24.0924
L 09/10/2019 - 17:05:19: [weapons.smx] Inactive players' data has been deleted
L 09/10/2019 - 18:00:28: SourceMod log file session started (file "L20190910.log") (Version "1.9.0.6281")
L 09/10/2019 - 18:00:28: -------- Mapchange to de_mirage --------
L 09/10/2019 - 18:00:29: [GEOIP] GeoIP database info: GEO-106FREE 20180327 Build 1 Copyright (c) 2018 MaxMind Inc All Rights Reserved
L 09/10/2019 - 18:00:31: [warmod.smx] Current Map: de_mirage, Warmod Version: 18.05.24.0924
L 09/10/2019 - 18:08:34: SourceMod log file session started (file "L20190910.log") (Version "1.9.0.6281")
L 09/10/2019 - 18:08:34: -------- Mapchange to de_mirage --------
L 09/10/2019 - 18:08:34: [GEOIP] GeoIP database info: GEO-106FREE 20180327 Build 1 Copyright (c) 2018 MaxMind Inc All Rights Reserved
L 09/10/2019 - 18:08:36: [warmod.smx] Current Map: de_mirage, Warmod Version: 18.05.24.0924
L 09/10/2019 - 18:43:55: -------- Mapchange to de_mirage --------
L 09/10/2019 - 18:43:57: [warmod.smx] Current Map: de_mirage, Warmod Version: 18.05.24.0924
L 09/10/2019 - 18:43:57: [weapons.smx] SQLite DB connection successful
L 09/10/2019 - 18:43:57: [weapons.smx] Inactive players' data has been deleted
L 09/10/2019 - 19:39:33: -------- Mapchange to de_mirage --------
L 09/10/2019 - 19:39:34: [warmod.smx] Current Map: de_mirage, Warmod Version: 18.05.24.0924
L 09/10/2019 - 19:39:34: [weapons.smx] Inactive players' data has been deleted
L 09/10/2019 - 20:18:20: -------- Mapchange to de_mirage --------
L 09/10/2019 - 20:18:21: [warmod.smx] Current Map: de_mirage, Warmod Version: 18.05.24.0924
L 09/10/2019 - 20:18:22: [weapons.smx] Inactive players' data has been deleted
