L 08/25/2019 - 09:03:23: SourceMod log file session started (file "L20190825.log") (Version "1.9.0.6281")
L 08/25/2019 - 09:03:23: -------- Mapchange to de_dust2 --------
L 08/25/2019 - 09:03:25: [GEOIP] GeoIP database info: GEO-106FREE 20180327 Build 1 Copyright (c) 2018 MaxMind Inc All Rights Reserved
L 08/25/2019 - 09:03:41: [warmod.smx] Current Map: de_dust2, Warmod Version: 18.05.24.0924
L 08/25/2019 - 09:26:42: SourceMod log file session started (file "L20190825.log") (Version "1.9.0.6281")
L 08/25/2019 - 09:26:42: -------- Mapchange to de_dust2 --------
L 08/25/2019 - 09:26:42: [GEOIP] GeoIP database info: GEO-106FREE 20180327 Build 1 Copyright (c) 2018 MaxMind Inc All Rights Reserved
L 08/25/2019 - 09:26:44: [warmod.smx] Current Map: de_dust2, Warmod Version: 18.05.24.0924
L 08/25/2019 - 09:30:14: -------- Mapchange to de_dust2 --------
L 08/25/2019 - 09:30:17: [warmod.smx] Current Map: de_dust2, Warmod Version: 18.05.24.0924
L 08/25/2019 - 09:30:17: [weapons.smx] SQLite DB connection successful
L 08/25/2019 - 09:30:17: [weapons.smx] Inactive players' data has been deleted
L 08/25/2019 - 09:43:57: SourceMod log file session started (file "L20190825.log") (Version "1.9.0.6281")
L 08/25/2019 - 09:43:57: -------- Mapchange to de_dust2 --------
L 08/25/2019 - 09:43:58: [GEOIP] GeoIP database info: GEO-106FREE 20180327 Build 1 Copyright (c) 2018 MaxMind Inc All Rights Reserved
L 08/25/2019 - 09:44:00: [warmod.smx] Current Map: de_dust2, Warmod Version: 18.05.24.0924
L 08/25/2019 - 09:45:03: -------- Mapchange to de_dust2 --------
L 08/25/2019 - 09:45:05: [warmod.smx] Current Map: de_dust2, Warmod Version: 18.05.24.0924
L 08/25/2019 - 09:45:05: [weapons.smx] SQLite DB connection successful
L 08/25/2019 - 09:45:05: [weapons.smx] Inactive players' data has been deleted
L 08/25/2019 - 09:47:27: SourceMod log file session started (file "L20190825.log") (Version "1.9.0.6281")
L 08/25/2019 - 09:47:27: -------- Mapchange to de_dust2 --------
L 08/25/2019 - 09:47:27: [GEOIP] GeoIP database info: GEO-106FREE 20180327 Build 1 Copyright (c) 2018 MaxMind Inc All Rights Reserved
L 08/25/2019 - 09:47:29: [warmod.smx] Current Map: de_dust2, Warmod Version: 18.05.24.0924
L 08/25/2019 - 09:47:52: -------- Mapchange to de_dust2 --------
L 08/25/2019 - 09:47:54: [warmod.smx] Current Map: de_dust2, Warmod Version: 18.05.24.0924
L 08/25/2019 - 09:47:54: [weapons.smx] SQLite DB connection successful
L 08/25/2019 - 09:47:54: [weapons.smx] Inactive players' data has been deleted
L 08/25/2019 - 09:52:32: SourceMod log file session started (file "L20190825.log") (Version "1.9.0.6281")
L 08/25/2019 - 09:52:32: -------- Mapchange to de_dust2 --------
L 08/25/2019 - 09:52:32: [GEOIP] GeoIP database info: GEO-106FREE 20180327 Build 1 Copyright (c) 2018 MaxMind Inc All Rights Reserved
L 08/25/2019 - 09:52:34: [warmod.smx] Current Map: de_dust2, Warmod Version: 18.05.24.0924
L 08/25/2019 - 09:52:42: -------- Mapchange to de_dust2 --------
L 08/25/2019 - 09:52:44: [warmod.smx] Current Map: de_dust2, Warmod Version: 18.05.24.0924
L 08/25/2019 - 09:52:44: [weapons.smx] SQLite DB connection successful
L 08/25/2019 - 09:52:44: [weapons.smx] Inactive players' data has been deleted
L 08/25/2019 - 09:55:44: [warmod.smx] "knife_on_3" (player "Fly ^v^<4><STEAM_1:1:192015750><>")
L 08/25/2019 - 09:55:51: [warmod.smx] "knife_on_3" (player "Fly ^v^<4><STEAM_1:1:192015750><>")
L 08/25/2019 - 10:13:27: SourceMod log file session started (file "L20190825.log") (Version "1.9.0.6281")
L 08/25/2019 - 10:13:27: -------- Mapchange to de_dust2 --------
L 08/25/2019 - 10:13:29: [GEOIP] GeoIP database info: GEO-106FREE 20180327 Build 1 Copyright (c) 2018 MaxMind Inc All Rights Reserved
L 08/25/2019 - 10:13:42: [warmod.smx] Current Map: de_dust2, Warmod Version: 18.05.24.0924
L 08/25/2019 - 10:17:48: SourceMod log file session started (file "L20190825.log") (Version "1.9.0.6281")
L 08/25/2019 - 10:17:48: -------- Mapchange to de_dust2 --------
L 08/25/2019 - 10:17:49: [GEOIP] GeoIP database info: GEO-106FREE 20180327 Build 1 Copyright (c) 2018 MaxMind Inc All Rights Reserved
L 08/25/2019 - 10:17:51: [warmod.smx] Current Map: de_dust2, Warmod Version: 18.05.24.0924
L 08/25/2019 - 10:19:08: -------- Mapchange to de_dust2 --------
L 08/25/2019 - 10:19:11: [warmod.smx] Current Map: de_dust2, Warmod Version: 18.05.24.0924
L 08/25/2019 - 10:19:11: [weapons.smx] SQLite DB connection successful
L 08/25/2019 - 10:19:11: [weapons.smx] Inactive players' data has been deleted
L 08/25/2019 - 11:21:42: SourceMod log file session started (file "L20190825.log") (Version "1.9.0.6281")
L 08/25/2019 - 11:21:42: -------- Mapchange to de_dust2 --------
L 08/25/2019 - 11:21:43: [GEOIP] GeoIP database info: GEO-106FREE 20180327 Build 1 Copyright (c) 2018 MaxMind Inc All Rights Reserved
L 08/25/2019 - 11:21:45: [warmod.smx] Current Map: de_dust2, Warmod Version: 18.05.24.0924
L 08/25/2019 - 11:22:44: -------- Mapchange to de_dust2 --------
L 08/25/2019 - 11:22:46: [warmod.smx] Current Map: de_dust2, Warmod Version: 18.05.24.0924
L 08/25/2019 - 11:22:46: [weapons.smx] SQLite DB connection successful
L 08/25/2019 - 11:22:46: [weapons.smx] Inactive players' data has been deleted
L 08/25/2019 - 11:23:29: [warmod.smx] "knife_on_3" (player "Fly ^v^<3><STEAM_1:1:192015750><>")
L 08/25/2019 - 11:50:56: [warmod.smx] "knife_on_3" (player "Fly ^v^<4><STEAM_1:1:192015750><>")
L 08/25/2019 - 11:55:12: SourceMod log file session started (file "L20190825.log") (Version "1.9.0.6281")
L 08/25/2019 - 11:55:12: -------- Mapchange to de_dust2 --------
L 08/25/2019 - 11:55:12: [GEOIP] GeoIP database info: GEO-106FREE 20180327 Build 1 Copyright (c) 2018 MaxMind Inc All Rights Reserved
L 08/25/2019 - 11:55:15: [warmod.smx] Current Map: de_dust2, Warmod Version: 18.05.24.0924
L 08/25/2019 - 11:55:56: -------- Mapchange to de_dust2 --------
L 08/25/2019 - 11:55:59: [warmod.smx] Current Map: de_dust2, Warmod Version: 18.05.24.0924
L 08/25/2019 - 11:55:59: [weapons.smx] SQLite DB connection successful
L 08/25/2019 - 11:55:59: [weapons.smx] Inactive players' data has been deleted
L 08/25/2019 - 17:31:04: SourceMod log file session started (file "L20190825.log") (Version "1.9.0.6281")
L 08/25/2019 - 17:31:04: -------- Mapchange to de_dust2 --------
L 08/25/2019 - 17:31:05: [GEOIP] GeoIP database info: GEO-106FREE 20180327 Build 1 Copyright (c) 2018 MaxMind Inc All Rights Reserved
L 08/25/2019 - 17:31:08: [warmod.smx] Current Map: de_dust2, Warmod Version: 18.05.24.0924
